INFO 2024-07-05 09:26:41,356 mixins User: testuser | Method: DELETE | Path: /api/tags/73745b96-c4a1-4c29-aaef-af0be81a5fa2/delete/ | Status: 204 | IP: 127.0.0.1
INFO 2024-07-05 09:26:41,866 mixins User: testuser | Method: GET | Path: /api/tags/be6b6bbb-d040-4a4e-b462-e0e71e0669bf/ | Status: 200 | IP: 127.0.0.1
INFO 2024-07-05 09:26:42,843 mixins User: testuser | Method: PUT | Path: /api/tags/600d856c-3d9d-4f80-8b1d-d0d1e7094f4e/update/ | Status: 200 | IP: 127.0.0.1
INFO 2024-07-05 09:26:43,926 mixins User: testuser | Method: DELETE | Path: /api/tags/b43c3992-b08c-4891-b84c-688a2e926a93/delete/ | Status: 204 | IP: 127.0.0.1
INFO 2024-07-05 09:26:44,390 mixins User: testuser | Method: GET | Path: /api/tags/fe7d5a4d-3f1e-422d-915c-8ada3126a3ca/ | Status: 200 | IP: 127.0.0.1
INFO 2024-07-05 09:26:45,379 mixins User: testuser | Method: PUT | Path: /api/tags/a4ee79d7-9b0a-45bb-a47a-71c9d19c85a9/update/ | Status: 200 | IP: 127.0.0.1
INFO 2024-07-05 09:30:05,766 mixins User: testuser | Method: POST | Path: /api/tags/ | Status: 201 | IP: 127.0.0.1
INFO 2024-07-05 09:30:06,231 mixins User: testuser | Method: DELETE | Path: /api/tags/3b47f924-8417-484a-a096-eb38e19036f6/delete/ | Status: 204 | IP: 127.0.0.1
INFO 2024-07-05 09:30:06,695 mixins User: testuser | Method: GET | Path: /api/tags/594b51e7-b5fd-43e8-b195-27b8ce87b84e/ | Status: 200 | IP: 127.0.0.1
INFO 2024-07-05 09:30:07,167 mixins User: testuser | Method: GET | Path: /api/tags/ | Status: 200 | IP: 127.0.0.1
INFO 2024-07-05 09:30:07,654 mixins User: testuser | Method: PUT | Path: /api/tags/fb45e22b-e365-4142-b6b3-146398ff12fc/update/ | Status: 200 | IP: 127.0.0.1
INFO 2024-07-05 09:30:08,175 mixins User: testuser | Method: POST | Path: /api/tags/ | Status: 201 | IP: 127.0.0.1
INFO 2024-07-05 09:30:08,644 mixins User: testuser | Method: DELETE | Path: /api/tags/5cd73505-b773-462d-bc7e-0014e0266497/delete/ | Status: 204 | IP: 127.0.0.1
INFO 2024-07-05 09:30:09,107 mixins User: testuser | Method: GET | Path: /api/tags/0600012e-62b8-45e5-8fbb-4eeae142c447/ | Status: 200 | IP: 127.0.0.1
INFO 2024-07-05 09:30:09,572 mixins User: testuser | Method: GET | Path: /api/tags/ | Status: 200 | IP: 127.0.0.1
INFO 2024-07-05 09:30:10,060 mixins User: testuser | Method: PUT | Path: /api/tags/6d5c6609-d3f1-4253-bd2d-2f3404b25258/update/ | Status: 200 | IP: 127.0.0.1
INFO 2024-07-05 09:35:51,749 mixins User: testuser | Method: POST | Path: /api/tags/ | Status: 201 | IP: 127.0.0.1
INFO 2024-07-05 09:35:52,220 mixins User: testuser | Method: DELETE | Path: /api/tags/ad578a46-81c6-4bb7-a000-2c0c08df034f/delete/ | Status: 204 | IP: 127.0.0.1
INFO 2024-07-05 09:35:52,694 mixins User: testuser | Method: GET | Path: /api/tags/ce3c3c74-f841-4017-bda9-88560f9cf4e3/ | Status: 200 | IP: 127.0.0.1
INFO 2024-07-05 09:35:53,168 mixins User: testuser | Method: GET | Path: /api/tags/ | Status: 200 | IP: 127.0.0.1
INFO 2024-07-05 09:35:53,659 mixins User: testuser | Method: PUT | Path: /api/tags/478473b0-a9f7-4a2a-8ed6-155f792c306b/update/ | Status: 200 | IP: 127.0.0.1
INFO 2024-07-05 09:38:21,141 mixins User: testuser | Method: POST | Path: /api/tags/ | Status: 201 | IP: 127.0.0.1
INFO 2024-07-05 09:38:21,608 mixins User: testuser | Method: DELETE | Path: /api/tags/130ce233-d851-4c5d-aecd-a5aa7914c301/delete/ | Status: 204 | IP: 127.0.0.1
INFO 2024-07-05 09:38:22,073 mixins User: testuser | Method: GET | Path: /api/tags/d2229388-2156-476f-b534-ede646308576/ | Status: 200 | IP: 127.0.0.1
INFO 2024-07-05 09:38:22,539 mixins User: testuser | Method: GET | Path: /api/tags/ | Status: 200 | IP: 127.0.0.1
INFO 2024-07-05 09:38:23,026 mixins User: testuser | Method: PUT | Path: /api/tags/deee532d-79f2-4750-8bf1-9a8ac1ce0610/update/ | Status: 200 | IP: 127.0.0.1
INFO 2024-07-05 09:47:13,089 mixins User: testuser | Method: POST | Path: /api/tags/ | Status: 201 | IP: 127.0.0.1
INFO 2024-07-05 09:47:13,557 mixins User: testuser | Method: DELETE | Path: /api/tags/df12336e-9d99-4685-a1c5-e0e0115d6ed6/delete/ | Status: 204 | IP: 127.0.0.1
INFO 2024-07-05 09:47:14,028 mixins User: testuser | Method: GET | Path: /api/tags/a9e31b45-0b3f-40c4-9890-d8d8989c21ae/ | Status: 200 | IP: 127.0.0.1
INFO 2024-07-05 09:47:14,502 mixins User: testuser | Method: GET | Path: /api/tags/ | Status: 200 | IP: 127.0.0.1
INFO 2024-07-05 09:47:14,994 mixins User: testuser | Method: PUT | Path: /api/tags/a395341e-c753-469c-a40e-f0abbe3f5226/update/ | Status: 200 | IP: 127.0.0.1
INFO 2024-07-05 10:04:49,494 mixins User: testuser | Method: POST | Path: /api/tags/ | Status: 201 | IP: 127.0.0.1
INFO 2024-07-05 10:04:49,969 mixins User: testuser | Method: DELETE | Path: /api/tags/637d724a-4d20-4232-87c6-c49767ca2f7b/delete/ | Status: 204 | IP: 127.0.0.1
INFO 2024-07-05 10:04:50,441 mixins User: testuser | Method: GET | Path: /api/tags/0e6b1a37-b48b-4209-8f40-b3783762f0ef/ | Status: 200 | IP: 127.0.0.1
INFO 2024-07-05 10:04:50,915 mixins User: testuser | Method: GET | Path: /api/tags/ | Status: 200 | IP: 127.0.0.1
INFO 2024-07-05 10:04:51,407 mixins User: testuser | Method: PUT | Path: /api/tags/260c9b79-d40f-442f-b2f6-9c81ced9eecb/update/ | Status: 200 | IP: 127.0.0.1
INFO 2024-07-05 10:05:42,365 mixins User: testuser | Method: POST | Path: /api/tags/ | Status: 201 | IP: 127.0.0.1
INFO 2024-07-05 10:05:42,831 mixins User: testuser | Method: DELETE | Path: /api/tags/4fb68666-9589-45b9-b2eb-9d9f94051954/delete/ | Status: 204 | IP: 127.0.0.1
INFO 2024-07-05 10:05:43,303 mixins User: testuser | Method: GET | Path: /api/tags/4bd2356f-5349-45ba-80d5-0f12d4457a93/ | Status: 200 | IP: 127.0.0.1
INFO 2024-07-05 10:05:43,776 mixins User: testuser | Method: GET | Path: /api/tags/ | Status: 200 | IP: 127.0.0.1
INFO 2024-07-05 10:05:44,271 mixins User: testuser | Method: PUT | Path: /api/tags/e7941d44-8039-4ea7-b808-8d9676d7ce94/update/ | Status: 200 | IP: 127.0.0.1
INFO 2024-07-05 10:07:10,232 mixins User: testuser | Method: POST | Path: /api/tags/ | Status: 201 | IP: 127.0.0.1
INFO 2024-07-05 10:07:10,701 mixins User: testuser | Method: DELETE | Path: /api/tags/8ed8b556-d8af-4b6a-a4e4-ba06e60a9cbe/delete/ | Status: 204 | IP: 127.0.0.1
INFO 2024-07-05 10:07:11,179 mixins User: testuser | Method: GET | Path: /api/tags/e1df3de6-52db-4bdc-b318-24de6175f743/ | Status: 200 | IP: 127.0.0.1
INFO 2024-07-05 10:07:11,652 mixins User: testuser | Method: GET | Path: /api/tags/ | Status: 200 | IP: 127.0.0.1
INFO 2024-07-05 10:07:12,144 mixins User: testuser | Method: PUT | Path: /api/tags/7da23727-7cc8-43a5-80fc-33f5685ad617/update/ | Status: 200 | IP: 127.0.0.1
INFO 2024-07-05 10:08:57,119 mixins User: testuser | Method: POST | Path: /api/tags/ | Status: 201 | IP: 127.0.0.1
INFO 2024-07-05 10:08:57,617 mixins User: testuser | Method: DELETE | Path: /api/tags/fbd923fe-1186-40f3-89bb-e9b653fc56b7/delete/ | Status: 204 | IP: 127.0.0.1
INFO 2024-07-05 10:08:58,104 mixins User: testuser | Method: GET | Path: /api/tags/c62f42c6-1421-4ac5-a03e-a8795f11b735/ | Status: 200 | IP: 127.0.0.1
INFO 2024-07-05 10:08:58,577 mixins User: testuser | Method: GET | Path: /api/tags/ | Status: 200 | IP: 127.0.0.1
INFO 2024-07-05 10:08:59,070 mixins User: testuser | Method: PUT | Path: /api/tags/989e76a8-a18a-4c82-bebd-b4aac458baec/update/ | Status: 200 | IP: 127.0.0.1
INFO 2024-07-05 10:09:48,931 mixins User: testuser | Method: POST | Path: /api/tags/ | Status: 201 | IP: 127.0.0.1
INFO 2024-07-05 10:09:49,411 mixins User: testuser | Method: DELETE | Path: /api/tags/c23b0115-b0bd-4936-803c-954222ea31c0/delete/ | Status: 204 | IP: 127.0.0.1
INFO 2024-07-05 10:09:49,893 mixins User: testuser | Method: GET | Path: /api/tags/6a7ed999-005d-482e-94e4-36883e73a604/ | Status: 200 | IP: 127.0.0.1
INFO 2024-07-05 10:09:50,366 mixins User: testuser | Method: GET | Path: /api/tags/ | Status: 200 | IP: 127.0.0.1
INFO 2024-07-05 10:09:50,862 mixins User: testuser | Method: PUT | Path: /api/tags/2a0434c1-4ddf-4769-b420-e4c0b5d87d47/update/ | Status: 200 | IP: 127.0.0.1
WARNING 2024-07-05 10:09:52,631 log Not Found: /login/
WARNING 2024-07-05 10:09:53,271 log Not Found: /login/
WARNING 2024-07-05 10:09:53,277 log Not Found: /signup/
WARNING 2024-07-05 10:09:53,282 log Not Found: /signup/
WARNING 2024-07-05 10:09:54,182 log Not Found: /update/2795a413-8583-400b-a9e3-213736aaf2ff/
WARNING 2024-07-05 10:09:55,081 log Not Found: /update/22e18866-3996-4a5b-b7fc-4f8689085cad/
WARNING 2024-07-05 10:09:55,981 log Not Found: /users/
WARNING 2024-07-05 10:09:56,886 log Not Found: /users/
INFO 2024-07-05 10:11:57,845 mixins User: testuser | Method: POST | Path: /api/tags/ | Status: 201 | IP: 127.0.0.1
INFO 2024-07-05 10:11:58,313 mixins User: testuser | Method: DELETE | Path: /api/tags/e2e63b03-104d-4c38-9bf0-f182fed35622/delete/ | Status: 204 | IP: 127.0.0.1
INFO 2024-07-05 10:11:58,782 mixins User: testuser | Method: GET | Path: /api/tags/51ca405d-a956-4c5c-8aa8-93fb297c55e6/ | Status: 200 | IP: 127.0.0.1
INFO 2024-07-05 10:11:59,252 mixins User: testuser | Method: GET | Path: /api/tags/ | Status: 200 | IP: 127.0.0.1
INFO 2024-07-05 10:11:59,743 mixins User: testuser | Method: PUT | Path: /api/tags/5a16bf64-5e0b-44e4-9252-492f4469f86d/update/ | Status: 200 | IP: 127.0.0.1
WARNING 2024-07-05 10:12:01,125 log Not Found: /login/
WARNING 2024-07-05 10:12:01,760 log Not Found: /login/
WARNING 2024-07-05 10:12:01,767 log Not Found: /signup/
WARNING 2024-07-05 10:12:01,772 log Not Found: /signup/
WARNING 2024-07-05 10:12:02,664 log Not Found: /update/e7f2343a-3a3b-4cf8-95aa-2273d4b28d1a/
WARNING 2024-07-05 10:12:03,556 log Not Found: /update/198c2f59-4308-48f7-9dbe-2ac8c52f103b/
WARNING 2024-07-05 10:12:04,442 log Not Found: /users/
WARNING 2024-07-05 10:12:05,330 log Not Found: /users/
INFO 2024-07-05 10:12:30,618 mixins User: testuser | Method: POST | Path: /api/tags/ | Status: 201 | IP: 127.0.0.1
INFO 2024-07-05 10:12:31,088 mixins User: testuser | Method: DELETE | Path: /api/tags/d3f15ad5-2130-42c4-90da-199617c3bc1d/delete/ | Status: 204 | IP: 127.0.0.1
INFO 2024-07-05 10:12:31,557 mixins User: testuser | Method: GET | Path: /api/tags/4b43b3b5-801b-4dce-a6d9-3a03f3342c75/ | Status: 200 | IP: 127.0.0.1
INFO 2024-07-05 10:12:32,026 mixins User: testuser | Method: GET | Path: /api/tags/ | Status: 200 | IP: 127.0.0.1
INFO 2024-07-05 10:12:32,515 mixins User: testuser | Method: PUT | Path: /api/tags/00fe107d-7e3d-4a26-a240-e2077310ae7e/update/ | Status: 200 | IP: 127.0.0.1
WARNING 2024-07-05 10:12:33,893 log Not Found: /login/
WARNING 2024-07-05 10:12:34,523 log Not Found: /login/
WARNING 2024-07-05 10:12:34,529 log Not Found: /signup/
WARNING 2024-07-05 10:12:34,535 log Not Found: /signup/
WARNING 2024-07-05 10:12:35,424 log Not Found: /update/6df722c4-48e7-4cdd-80bd-3b204bf6e190/
WARNING 2024-07-05 10:12:36,319 log Not Found: /update/b13a48c2-4e1e-45c9-8144-9c2fe4d6ce97/
WARNING 2024-07-05 10:12:37,209 log Not Found: /users/
WARNING 2024-07-05 10:12:38,098 log Not Found: /users/
INFO 2024-07-05 10:13:55,722 mixins User: testuser | Method: POST | Path: /api/tags/ | Status: 201 | IP: 127.0.0.1
INFO 2024-07-05 10:13:56,188 mixins User: testuser | Method: DELETE | Path: /api/tags/fca70589-465f-47e2-bbe3-ee738ca4c228/delete/ | Status: 204 | IP: 127.0.0.1
INFO 2024-07-05 10:13:56,661 mixins User: testuser | Method: GET | Path: /api/tags/a4beb7e4-d611-46d3-bc08-a3d8de8b4418/ | Status: 200 | IP: 127.0.0.1
INFO 2024-07-05 10:13:57,134 mixins User: testuser | Method: GET | Path: /api/tags/ | Status: 200 | IP: 127.0.0.1
INFO 2024-07-05 10:13:57,628 mixins User: testuser | Method: PUT | Path: /api/tags/b9dc0773-ae5b-4bf7-8bf0-52df0633809b/update/ | Status: 200 | IP: 127.0.0.1
WARNING 2024-07-05 10:13:59,650 log Not Found: /login/
WARNING 2024-07-05 10:14:00,102 log Not Found: /login/
WARNING 2024-07-05 10:14:00,108 log Not Found: /signup/
WARNING 2024-07-05 10:14:00,114 log Not Found: /signup/
WARNING 2024-07-05 10:14:01,021 log Not Found: /update/9749f938-e692-458f-84c9-82fcd8f0fbce/
WARNING 2024-07-05 10:14:01,948 log Not Found: /update/c3b73985-e707-4cb0-85f7-7729749616f6/
WARNING 2024-07-05 10:14:02,842 log Not Found: /users/
WARNING 2024-07-05 10:14:03,741 log Not Found: /users/
INFO 2024-07-05 10:16:19,216 mixins User: testuser | Method: POST | Path: /api/tags/ | Status: 201 | IP: 127.0.0.1
INFO 2024-07-05 10:16:19,695 mixins User: testuser | Method: DELETE | Path: /api/tags/ca25ec21-ebd3-4b3d-bcec-76f9cdf0292d/delete/ | Status: 204 | IP: 127.0.0.1
INFO 2024-07-05 10:16:20,176 mixins User: testuser | Method: GET | Path: /api/tags/9ada58e1-1f31-4225-a5fc-2feaaf7f7413/ | Status: 200 | IP: 127.0.0.1
INFO 2024-07-05 10:16:20,652 mixins User: testuser | Method: GET | Path: /api/tags/ | Status: 200 | IP: 127.0.0.1
INFO 2024-07-05 10:16:21,142 mixins User: testuser | Method: PUT | Path: /api/tags/9b2eae91-8041-47d7-b1a2-4b175c1d1863/update/ | Status: 200 | IP: 127.0.0.1
WARNING 2024-07-05 10:16:23,015 log Not Found: /login/
WARNING 2024-07-05 10:16:23,647 log Not Found: /login/
WARNING 2024-07-05 10:16:23,653 log Not Found: /signup/
WARNING 2024-07-05 10:16:23,658 log Not Found: /signup/
WARNING 2024-07-05 10:16:24,556 log Not Found: /update/b86d23f5-68a5-49bf-825e-3a03d6170fa7/
WARNING 2024-07-05 10:16:25,448 log Not Found: /update/2de5eabd-0fcf-43d3-936a-fcaac0be9ed7/
WARNING 2024-07-05 10:16:26,340 log Not Found: /users/
WARNING 2024-07-05 10:16:27,232 log Not Found: /users/
INFO 2024-07-05 10:17:52,711 mixins User: testuser | Method: POST | Path: /api/tags/ | Status: 201 | IP: 127.0.0.1
INFO 2024-07-05 10:17:53,175 mixins User: testuser | Method: DELETE | Path: /api/tags/a42e81a2-c591-41dc-9539-35fbd76e0c94/delete/ | Status: 204 | IP: 127.0.0.1
INFO 2024-07-05 10:17:53,644 mixins User: testuser | Method: GET | Path: /api/tags/bff7045c-27f3-42bf-a222-dc71a61f84d0/ | Status: 200 | IP: 127.0.0.1
INFO 2024-07-05 10:17:54,112 mixins User: testuser | Method: GET | Path: /api/tags/ | Status: 200 | IP: 127.0.0.1
INFO 2024-07-05 10:17:54,598 mixins User: testuser | Method: PUT | Path: /api/tags/c7e081d1-274d-41c9-81d0-91e338a5be1f/update/ | Status: 200 | IP: 127.0.0.1
WARNING 2024-07-05 10:17:56,419 log Not Found: /login/
WARNING 2024-07-05 10:17:57,032 log Not Found: /login/
WARNING 2024-07-05 10:17:57,061 log Not Found: /signup/
WARNING 2024-07-05 10:17:57,066 log Not Found: /signup/
WARNING 2024-07-05 10:17:57,953 log Not Found: /update/64086b84-a095-4705-a271-058702db5c45/
WARNING 2024-07-05 10:17:58,837 log Not Found: /update/faf40f7f-e4c0-4396-a7ec-b908dc9def30/
WARNING 2024-07-05 10:17:59,720 log Not Found: /users/
WARNING 2024-07-05 10:18:00,609 log Not Found: /users/
INFO 2024-07-05 10:22:57,069 mixins User: testuser | Method: POST | Path: /api/tags/ | Status: 201 | IP: 127.0.0.1
INFO 2024-07-05 10:22:57,537 mixins User: testuser | Method: DELETE | Path: /api/tags/b5ef3bce-3527-4577-a530-f53bc2456c84/delete/ | Status: 204 | IP: 127.0.0.1
INFO 2024-07-05 10:22:57,998 mixins User: testuser | Method: GET | Path: /api/tags/e08e27a9-fac6-4a2f-96c6-79e8ecce9450/ | Status: 200 | IP: 127.0.0.1
INFO 2024-07-05 10:22:58,461 mixins User: testuser | Method: GET | Path: /api/tags/ | Status: 200 | IP: 127.0.0.1
INFO 2024-07-05 10:22:58,945 mixins User: testuser | Method: PUT | Path: /api/tags/8e1e63a1-eb8a-49ea-b03b-a6b7874408de/update/ | Status: 200 | IP: 127.0.0.1
WARNING 2024-07-05 10:23:04,937 log Not Found: /apiauth/users/
INFO 2024-07-05 10:23:33,106 mixins User: testuser | Method: POST | Path: /api/tags/ | Status: 201 | IP: 127.0.0.1
INFO 2024-07-05 10:23:33,580 mixins User: testuser | Method: DELETE | Path: /api/tags/cb6e7006-103f-4b28-8a80-7575270cbeff/delete/ | Status: 204 | IP: 127.0.0.1
INFO 2024-07-05 10:23:34,049 mixins User: testuser | Method: GET | Path: /api/tags/40da0dc6-ec61-462d-8d10-d2679b12e706/ | Status: 200 | IP: 127.0.0.1
INFO 2024-07-05 10:23:34,526 mixins User: testuser | Method: GET | Path: /api/tags/ | Status: 200 | IP: 127.0.0.1
INFO 2024-07-05 10:23:35,017 mixins User: testuser | Method: PUT | Path: /api/tags/51572c03-b645-4017-bb8f-ec5837e1a19b/update/ | Status: 200 | IP: 127.0.0.1
INFO 2024-07-05 10:23:37,398 mixins User: Anonymous | Method: POST | Path: /api/auth/login/ | Status: 200 | IP: 127.0.0.1
INFO 2024-07-05 10:23:38,339 mixins User: Anonymous | Method: POST | Path: /api/auth/login/ | Status: 401 | IP: 127.0.0.1
WARNING 2024-07-05 10:23:38,339 log Unauthorized: /api/auth/login/
INFO 2024-07-05 10:23:38,815 mixins User: Anonymous | Method: POST | Path: /api/auth/signup/ | Status: 201 | IP: 127.0.0.1
INFO 2024-07-05 10:23:39,270 mixins User: Anonymous | Method: POST | Path: /api/auth/signup/ | Status: 201 | IP: 127.0.0.1
INFO 2024-07-05 10:23:42,173 mixins User: admin | Method: GET | Path: /api/auth/users/ | Status: 200 | IP: 127.0.0.1
WARNING 2024-07-05 10:23:43,079 log Not Found: /apiauth/users/
INFO 2024-07-05 10:26:30,997 mixins User: testuser | Method: POST | Path: /api/tags/ | Status: 201 | IP: 127.0.0.1
INFO 2024-07-05 10:26:31,467 mixins User: testuser | Method: DELETE | Path: /api/tags/c2e4c5a2-3f6b-4e78-ab0d-db34dd23b2c9/delete/ | Status: 204 | IP: 127.0.0.1
INFO 2024-07-05 10:26:31,935 mixins User: testuser | Method: GET | Path: /api/tags/27a45a6c-8388-402e-abc2-b421d1d11de9/ | Status: 200 | IP: 127.0.0.1
INFO 2024-07-05 10:26:32,403 mixins User: testuser | Method: GET | Path: /api/tags/ | Status: 200 | IP: 127.0.0.1
INFO 2024-07-05 10:26:32,893 mixins User: testuser | Method: PUT | Path: /api/tags/3d335acb-db19-4a2e-8089-2be1cb2a3af8/update/ | Status: 200 | IP: 127.0.0.1
INFO 2024-07-05 10:26:35,162 mixins User: Anonymous | Method: POST | Path: /api/auth/login/ | Status: 200 | IP: 127.0.0.1
INFO 2024-07-05 10:26:36,053 mixins User: Anonymous | Method: POST | Path: /api/auth/login/ | Status: 401 | IP: 127.0.0.1
WARNING 2024-07-05 10:26:36,053 log Unauthorized: /api/auth/login/
INFO 2024-07-05 10:26:36,514 mixins User: Anonymous | Method: POST | Path: /api/auth/signup/ | Status: 201 | IP: 127.0.0.1
INFO 2024-07-05 10:26:36,961 mixins User: Anonymous | Method: POST | Path: /api/auth/signup/ | Status: 201 | IP: 127.0.0.1
INFO 2024-07-05 10:26:38,012 mixins User: admin | Method: PUT | Path: /api/auth/update/ | Status: 200 | IP: 127.0.0.1
INFO 2024-07-05 10:26:38,903 mixins User: admin | Method: PUT | Path: /api/auth/update/ | Status: 200 | IP: 127.0.0.1
INFO 2024-07-05 10:26:39,820 mixins User: admin | Method: GET | Path: /api/auth/users/ | Status: 200 | IP: 127.0.0.1
WARNING 2024-07-05 10:26:40,724 log Not Found: /apiauth/users/
INFO 2024-07-05 10:27:09,752 mixins User: testuser | Method: POST | Path: /api/tags/ | Status: 201 | IP: 127.0.0.1
INFO 2024-07-05 10:27:10,225 mixins User: testuser | Method: DELETE | Path: /api/tags/a1517b16-e3fb-428d-b3a2-09f5c342b915/delete/ | Status: 204 | IP: 127.0.0.1
INFO 2024-07-05 10:27:10,687 mixins User: testuser | Method: GET | Path: /api/tags/0923ba63-bb75-4471-96fd-7e704afcc829/ | Status: 200 | IP: 127.0.0.1
INFO 2024-07-05 10:27:11,151 mixins User: testuser | Method: GET | Path: /api/tags/ | Status: 200 | IP: 127.0.0.1
INFO 2024-07-05 10:27:11,638 mixins User: testuser | Method: PUT | Path: /api/tags/167b672e-0c75-44ac-954e-164038332939/update/ | Status: 200 | IP: 127.0.0.1
INFO 2024-07-05 10:27:13,916 mixins User: Anonymous | Method: POST | Path: /api/auth/login/ | Status: 200 | IP: 127.0.0.1
INFO 2024-07-05 10:27:14,792 mixins User: Anonymous | Method: POST | Path: /api/auth/login/ | Status: 401 | IP: 127.0.0.1
WARNING 2024-07-05 10:27:14,792 log Unauthorized: /api/auth/login/
INFO 2024-07-05 10:27:15,247 mixins User: Anonymous | Method: POST | Path: /api/auth/signup/ | Status: 201 | IP: 127.0.0.1
INFO 2024-07-05 10:27:15,252 mixins User: Anonymous | Method: POST | Path: /api/auth/signup/ | Status: 400 | IP: 127.0.0.1
WARNING 2024-07-05 10:27:15,252 log Bad Request: /api/auth/signup/
INFO 2024-07-05 10:27:16,132 mixins User: admin | Method: PUT | Path: /api/auth/update/ | Status: 200 | IP: 127.0.0.1
INFO 2024-07-05 10:27:17,020 mixins User: admin | Method: PUT | Path: /api/auth/update/ | Status: 200 | IP: 127.0.0.1
INFO 2024-07-05 10:27:18,071 mixins User: admin | Method: GET | Path: /api/auth/users/ | Status: 200 | IP: 127.0.0.1
WARNING 2024-07-05 10:27:18,998 log Not Found: /apiauth/users/
INFO 2024-07-05 10:28:36,731 mixins User: testuser | Method: POST | Path: /api/tags/ | Status: 201 | IP: 127.0.0.1
INFO 2024-07-05 10:28:37,197 mixins User: testuser | Method: DELETE | Path: /api/tags/7060d8b1-90d4-46f2-9d7f-a2cb775f32e8/delete/ | Status: 204 | IP: 127.0.0.1
INFO 2024-07-05 10:28:37,659 mixins User: testuser | Method: GET | Path: /api/tags/0e59cdb2-3625-4874-ad4e-a58c73ff1e7b/ | Status: 200 | IP: 127.0.0.1
INFO 2024-07-05 10:28:38,127 mixins User: testuser | Method: GET | Path: /api/tags/ | Status: 200 | IP: 127.0.0.1
INFO 2024-07-05 10:28:38,615 mixins User: testuser | Method: PUT | Path: /api/tags/8ba0379e-6f62-4620-8e85-e6348f5e7cc5/update/ | Status: 200 | IP: 127.0.0.1
INFO 2024-07-05 10:28:40,865 mixins User: Anonymous | Method: POST | Path: /api/auth/login/ | Status: 200 | IP: 127.0.0.1
INFO 2024-07-05 10:28:41,750 mixins User: Anonymous | Method: POST | Path: /api/auth/login/ | Status: 401 | IP: 127.0.0.1
WARNING 2024-07-05 10:28:41,751 log Unauthorized: /api/auth/login/
INFO 2024-07-05 10:28:42,204 mixins User: Anonymous | Method: POST | Path: /api/auth/signup/ | Status: 201 | IP: 127.0.0.1
INFO 2024-07-05 10:28:42,209 mixins User: Anonymous | Method: POST | Path: /api/auth/signup/ | Status: 400 | IP: 127.0.0.1
WARNING 2024-07-05 10:28:42,209 log Bad Request: /api/auth/signup/
INFO 2024-07-05 10:28:43,099 mixins User: testuser | Method: PUT | Path: /api/auth/update/ | Status: 200 | IP: 127.0.0.1
INFO 2024-07-05 10:28:43,985 mixins User: testuser | Method: PUT | Path: /api/auth/update/ | Status: 200 | IP: 127.0.0.1
INFO 2024-07-05 10:28:45,059 mixins User: admin | Method: GET | Path: /api/auth/users/ | Status: 200 | IP: 127.0.0.1
WARNING 2024-07-05 10:28:45,957 log Not Found: /apiauth/users/
INFO 2024-07-05 10:37:42,145 mixins User: testuser | Method: POST | Path: /api/tags/ | Status: 201 | IP: 127.0.0.1
INFO 2024-07-05 10:37:42,617 mixins User: testuser | Method: DELETE | Path: /api/tags/be693320-98df-4123-9518-3bf4888e4fb8/delete/ | Status: 204 | IP: 127.0.0.1
INFO 2024-07-05 10:37:43,086 mixins User: testuser | Method: GET | Path: /api/tags/76c2d8d4-e2b0-4838-abe3-bea73d706432/ | Status: 200 | IP: 127.0.0.1
INFO 2024-07-05 10:37:43,557 mixins User: testuser | Method: GET | Path: /api/tags/ | Status: 200 | IP: 127.0.0.1
INFO 2024-07-05 10:37:44,050 mixins User: testuser | Method: PUT | Path: /api/tags/f6ca7c11-173f-495f-9776-98d03f492d37/update/ | Status: 200 | IP: 127.0.0.1
INFO 2024-07-05 10:37:46,315 mixins User: Anonymous | Method: POST | Path: /api/auth/login/ | Status: 200 | IP: 127.0.0.1
INFO 2024-07-05 10:37:47,209 mixins User: Anonymous | Method: POST | Path: /api/auth/login/ | Status: 401 | IP: 127.0.0.1
WARNING 2024-07-05 10:37:47,210 log Unauthorized: /api/auth/login/
INFO 2024-07-05 10:37:47,662 mixins User: Anonymous | Method: POST | Path: /api/auth/signup/ | Status: 201 | IP: 127.0.0.1
INFO 2024-07-05 10:37:47,667 mixins User: Anonymous | Method: POST | Path: /api/auth/signup/ | Status: 400 | IP: 127.0.0.1
WARNING 2024-07-05 10:37:47,667 log Bad Request: /api/auth/signup/
INFO 2024-07-05 10:37:48,554 mixins User: testuser | Method: PUT | Path: /api/auth/update/ | Status: 200 | IP: 127.0.0.1
INFO 2024-07-05 10:37:49,447 mixins User: testuser | Method: PUT | Path: /api/auth/update/ | Status: 200 | IP: 127.0.0.1
INFO 2024-07-05 10:37:50,584 mixins User: testuser | Method: GET | Path: /api/auth/users/ | Status: 500 | IP: 127.0.0.1
ERROR 2024-07-05 10:37:50,585 log Internal Server Error: /api/auth/users/
INFO 2024-07-05 10:38:29,501 mixins User: testuser | Method: POST | Path: /api/tags/ | Status: 201 | IP: 127.0.0.1
INFO 2024-07-05 10:38:29,981 mixins User: testuser | Method: DELETE | Path: /api/tags/2d7f5fec-0583-4a43-b7b5-d7d7c6996d10/delete/ | Status: 204 | IP: 127.0.0.1
INFO 2024-07-05 10:38:30,455 mixins User: testuser | Method: GET | Path: /api/tags/380a25bc-3704-4a12-b257-9887e9d20e6a/ | Status: 200 | IP: 127.0.0.1
INFO 2024-07-05 10:38:30,923 mixins User: testuser | Method: GET | Path: /api/tags/ | Status: 200 | IP: 127.0.0.1
INFO 2024-07-05 10:38:31,412 mixins User: testuser | Method: PUT | Path: /api/tags/59d30a3d-c22b-499a-be2e-a5e4cae9c3b4/update/ | Status: 200 | IP: 127.0.0.1
INFO 2024-07-05 10:38:33,660 mixins User: Anonymous | Method: POST | Path: /api/auth/login/ | Status: 200 | IP: 127.0.0.1
INFO 2024-07-05 10:38:34,541 mixins User: Anonymous | Method: POST | Path: /api/auth/login/ | Status: 401 | IP: 127.0.0.1
WARNING 2024-07-05 10:38:34,542 log Unauthorized: /api/auth/login/
INFO 2024-07-05 10:38:34,992 mixins User: Anonymous | Method: POST | Path: /api/auth/signup/ | Status: 201 | IP: 127.0.0.1
INFO 2024-07-05 10:38:34,997 mixins User: Anonymous | Method: POST | Path: /api/auth/signup/ | Status: 400 | IP: 127.0.0.1
WARNING 2024-07-05 10:38:34,997 log Bad Request: /api/auth/signup/
INFO 2024-07-05 10:38:35,885 mixins User: testuser | Method: PUT | Path: /api/auth/update/ | Status: 200 | IP: 127.0.0.1
INFO 2024-07-05 10:38:36,791 mixins User: testuser | Method: PUT | Path: /api/auth/update/ | Status: 200 | IP: 127.0.0.1
INFO 2024-07-05 10:38:37,846 mixins User: testuser | Method: GET | Path: /api/auth/users/ | Status: 500 | IP: 127.0.0.1
ERROR 2024-07-05 10:38:37,847 log Internal Server Error: /api/auth/users/
INFO 2024-07-05 10:38:38,757 mixins User: testuser | Method: GET | Path: /api/auth/users/ | Status: 500 | IP: 127.0.0.1
ERROR 2024-07-05 10:38:38,757 log Internal Server Error: /api/auth/users/
INFO 2024-07-05 10:43:18,913 mixins User: testuser | Method: POST | Path: /api/tags/ | Status: 201 | IP: 127.0.0.1
INFO 2024-07-05 10:43:19,382 mixins User: testuser | Method: DELETE | Path: /api/tags/b8af1ff5-1e1f-4b26-9e8d-77215900bc5a/delete/ | Status: 204 | IP: 127.0.0.1
INFO 2024-07-05 10:43:19,852 mixins User: testuser | Method: GET | Path: /api/tags/eaedbabc-cdcc-423c-9515-2fc659ac088f/ | Status: 200 | IP: 127.0.0.1
INFO 2024-07-05 10:43:20,321 mixins User: testuser | Method: GET | Path: /api/tags/ | Status: 200 | IP: 127.0.0.1
INFO 2024-07-05 10:43:20,806 mixins User: testuser | Method: PUT | Path: /api/tags/8835e3d8-12c9-4bea-acf2-265d25293eed/update/ | Status: 200 | IP: 127.0.0.1
INFO 2024-07-05 10:43:23,064 mixins User: Anonymous | Method: POST | Path: /api/auth/login/ | Status: 200 | IP: 127.0.0.1
INFO 2024-07-05 10:43:23,944 mixins User: Anonymous | Method: POST | Path: /api/auth/login/ | Status: 401 | IP: 127.0.0.1
WARNING 2024-07-05 10:43:23,945 log Unauthorized: /api/auth/login/
INFO 2024-07-05 10:43:24,396 mixins User: Anonymous | Method: POST | Path: /api/auth/signup/ | Status: 201 | IP: 127.0.0.1
INFO 2024-07-05 10:43:24,400 mixins User: Anonymous | Method: POST | Path: /api/auth/signup/ | Status: 400 | IP: 127.0.0.1
WARNING 2024-07-05 10:43:24,401 log Bad Request: /api/auth/signup/
INFO 2024-07-05 10:43:25,290 mixins User: testuser | Method: PUT | Path: /api/auth/update/ | Status: 200 | IP: 127.0.0.1
INFO 2024-07-05 10:43:26,184 mixins User: testuser | Method: PUT | Path: /api/auth/update/ | Status: 200 | IP: 127.0.0.1
INFO 2024-07-05 10:43:27,236 mixins User: testuser | Method: GET | Path: /api/auth/users/ | Status: 500 | IP: 127.0.0.1
ERROR 2024-07-05 10:43:27,236 log Internal Server Error: /api/auth/users/
INFO 2024-07-05 10:43:28,159 mixins User: testuser | Method: GET | Path: /api/auth/users/ | Status: 500 | IP: 127.0.0.1
ERROR 2024-07-05 10:43:28,159 log Internal Server Error: /api/auth/users/
INFO 2024-07-05 10:47:13,055 autoreload Watching for file changes with StatReloader
INFO 2024-07-05 10:47:39,802 mixins User: Anonymous | Method: POST | Path: /api/auth/login/ | Status: 200 | IP: 127.0.0.1
INFO 2024-07-05 10:47:39,803 basehttp "POST /api/auth/login/ HTTP/1.1" 200 736
INFO 2024-07-05 10:47:41,880 mixins User: test_user_1 | Method: GET | Path: /api/auth/users/ | Status: 200 | IP: 127.0.0.1
INFO 2024-07-05 10:47:41,881 basehttp "GET /api/auth/users/ HTTP/1.1" 200 198
INFO 2024-07-05 10:48:52,107 mixins User: testuser | Method: POST | Path: /api/tags/ | Status: 201 | IP: 127.0.0.1
INFO 2024-07-05 10:48:52,576 mixins User: testuser | Method: DELETE | Path: /api/tags/7f4c11df-3700-43ab-bccc-ba929ea3b85e/delete/ | Status: 204 | IP: 127.0.0.1
INFO 2024-07-05 10:48:53,045 mixins User: testuser | Method: GET | Path: /api/tags/e2b3848f-8ef0-449b-973a-0c77e742829b/ | Status: 200 | IP: 127.0.0.1
INFO 2024-07-05 10:48:53,516 mixins User: testuser | Method: GET | Path: /api/tags/ | Status: 200 | IP: 127.0.0.1
INFO 2024-07-05 10:48:54,011 mixins User: testuser | Method: PUT | Path: /api/tags/ba6de79a-a1bb-400e-b091-60a301f1ca51/update/ | Status: 200 | IP: 127.0.0.1
INFO 2024-07-05 10:48:56,277 mixins User: Anonymous | Method: POST | Path: /api/auth/login/ | Status: 200 | IP: 127.0.0.1
INFO 2024-07-05 10:48:57,164 mixins User: Anonymous | Method: POST | Path: /api/auth/login/ | Status: 401 | IP: 127.0.0.1
WARNING 2024-07-05 10:48:57,164 log Unauthorized: /api/auth/login/
INFO 2024-07-05 10:48:57,617 mixins User: Anonymous | Method: POST | Path: /api/auth/signup/ | Status: 201 | IP: 127.0.0.1
INFO 2024-07-05 10:48:57,622 mixins User: Anonymous | Method: POST | Path: /api/auth/signup/ | Status: 400 | IP: 127.0.0.1
WARNING 2024-07-05 10:48:57,622 log Bad Request: /api/auth/signup/
INFO 2024-07-05 10:48:58,505 mixins User: testuser | Method: PUT | Path: /api/auth/update/ | Status: 200 | IP: 127.0.0.1
INFO 2024-07-05 10:48:59,394 mixins User: testuser | Method: PUT | Path: /api/auth/update/ | Status: 200 | IP: 127.0.0.1
INFO 2024-07-05 10:49:00,477 mixins User: testuser | Method: GET | Path: /api/auth/users/ | Status: 500 | IP: 127.0.0.1
ERROR 2024-07-05 10:49:00,477 log Internal Server Error: /api/auth/users/
INFO 2024-07-05 10:49:01,373 mixins User: testuser | Method: GET | Path: /api/auth/users/ | Status: 500 | IP: 127.0.0.1
ERROR 2024-07-05 10:49:01,373 log Internal Server Error: /api/auth/users/
INFO 2024-07-05 10:53:43,818 autoreload Watching for file changes with StatReloader
INFO 2024-07-05 10:53:48,659 mixins User: Anonymous | Method: POST | Path: /api/auth/login/ | Status: 200 | IP: 127.0.0.1
INFO 2024-07-05 10:53:48,660 basehttp "POST /api/auth/login/ HTTP/1.1" 200 736
INFO 2024-07-05 10:53:50,736 mixins User: test_user_1 | Method: GET | Path: /api/auth/users/ | Status: 200 | IP: 127.0.0.1
INFO 2024-07-05 10:53:50,736 basehttp "GET /api/auth/users/?search=test HTTP/1.1" 200 198
INFO 2024-07-05 10:56:55,878 mixins User: Anonymous | Method: POST | Path: /api/auth/login/ | Status: 200 | IP: 127.0.0.1
INFO 2024-07-05 10:56:55,879 basehttp "POST /api/auth/login/ HTTP/1.1" 200 736
INFO 2024-07-05 10:56:58,080 basehttp "GET /api/auth/update HTTP/1.1" 301 0
INFO 2024-07-05 10:57:00,145 mixins User: test_user_1 | Method: GET | Path: /api/auth/update/ | Status: 405 | IP: 127.0.0.1
WARNING 2024-07-05 10:57:00,146 log Method Not Allowed: /api/auth/update/
WARNING 2024-07-05 10:57:00,146 basehttp "GET /api/auth/update/ HTTP/1.1" 405 40
INFO 2024-07-05 10:57:16,589 mixins User: Anonymous | Method: POST | Path: /api/auth/login/ | Status: 200 | IP: 127.0.0.1
INFO 2024-07-05 10:57:16,590 basehttp "POST /api/auth/login/ HTTP/1.1" 200 736
ERROR 2024-07-05 10:57:18,689 log Internal Server Error: /api/auth/update
Traceback (most recent call last):
  File "D:\Projects\tail_watch_backend\venv\Lib\site-packages\django\core\handlers\exception.py", line 55, in inner
    response = get_response(request)
               ^^^^^^^^^^^^^^^^^^^^^
  File "D:\Projects\tail_watch_backend\venv\Lib\site-packages\django\utils\deprecation.py", line 136, in __call__
    response = self.process_response(request, response)
               ^^^^^^^^^^^^^^^^^^^^^^^^^^^^^^^^^^^^^^^^
  File "D:\Projects\tail_watch_backend\venv\Lib\site-packages\django\middleware\common.py", line 108, in process_response
    return self.response_redirect_class(self.get_full_path_with_slash(request))
                                        ^^^^^^^^^^^^^^^^^^^^^^^^^^^^^^^^^^^^^^
  File "D:\Projects\tail_watch_backend\venv\Lib\site-packages\django\middleware\common.py", line 87, in get_full_path_with_slash
    raise RuntimeError(
RuntimeError: You called this URL via PUT, but the URL doesn't end in a slash and you have APPEND_SLASH set. Django can't redirect to the slash URL while maintaining PUT data. Change your form to point to localhost:8000/api/auth/update/ (note the trailing slash), or set APPEND_SLASH=False in your Django settings.
ERROR 2024-07-05 10:57:18,689 basehttp "PUT /api/auth/update HTTP/1.1" 500 74091
INFO 2024-07-05 10:58:40,086 mixins User: Anonymous | Method: POST | Path: /api/auth/login/ | Status: 200 | IP: 127.0.0.1
INFO 2024-07-05 10:58:40,086 basehttp "POST /api/auth/login/ HTTP/1.1" 200 736
ERROR 2024-07-05 10:58:42,147 log Internal Server Error: /api/auth/update
Traceback (most recent call last):
  File "D:\Projects\tail_watch_backend\venv\Lib\site-packages\django\core\handlers\exception.py", line 55, in inner
    response = get_response(request)
               ^^^^^^^^^^^^^^^^^^^^^
  File "D:\Projects\tail_watch_backend\venv\Lib\site-packages\django\utils\deprecation.py", line 136, in __call__
    response = self.process_response(request, response)
               ^^^^^^^^^^^^^^^^^^^^^^^^^^^^^^^^^^^^^^^^
  File "D:\Projects\tail_watch_backend\venv\Lib\site-packages\django\middleware\common.py", line 108, in process_response
    return self.response_redirect_class(self.get_full_path_with_slash(request))
                                        ^^^^^^^^^^^^^^^^^^^^^^^^^^^^^^^^^^^^^^
  File "D:\Projects\tail_watch_backend\venv\Lib\site-packages\django\middleware\common.py", line 87, in get_full_path_with_slash
    raise RuntimeError(
RuntimeError: You called this URL via PUT, but the URL doesn't end in a slash and you have APPEND_SLASH set. Django can't redirect to the slash URL while maintaining PUT data. Change your form to point to localhost:8000/api/auth/update/ (note the trailing slash), or set APPEND_SLASH=False in your Django settings.
ERROR 2024-07-05 10:58:42,147 basehttp "PUT /api/auth/update HTTP/1.1" 500 74091
INFO 2024-07-05 11:00:01,094 autoreload Watching for file changes with StatReloader
INFO 2024-07-05 11:00:29,272 mixins User: Anonymous | Method: POST | Path: /api/auth/login/ | Status: 200 | IP: 127.0.0.1
INFO 2024-07-05 11:00:29,273 basehttp "POST /api/auth/login/ HTTP/1.1" 200 736
ERROR 2024-07-05 11:00:31,325 log Internal Server Error: /api/auth/update
Traceback (most recent call last):
  File "D:\Projects\tail_watch_backend\venv\Lib\site-packages\django\core\handlers\exception.py", line 55, in inner
    response = get_response(request)
               ^^^^^^^^^^^^^^^^^^^^^
  File "D:\Projects\tail_watch_backend\venv\Lib\site-packages\django\utils\deprecation.py", line 136, in __call__
    response = self.process_response(request, response)
               ^^^^^^^^^^^^^^^^^^^^^^^^^^^^^^^^^^^^^^^^
  File "D:\Projects\tail_watch_backend\venv\Lib\site-packages\django\middleware\common.py", line 108, in process_response
    return self.response_redirect_class(self.get_full_path_with_slash(request))
                                        ^^^^^^^^^^^^^^^^^^^^^^^^^^^^^^^^^^^^^^
  File "D:\Projects\tail_watch_backend\venv\Lib\site-packages\django\middleware\common.py", line 87, in get_full_path_with_slash
    raise RuntimeError(
RuntimeError: You called this URL via PUT, but the URL doesn't end in a slash and you have APPEND_SLASH set. Django can't redirect to the slash URL while maintaining PUT data. Change your form to point to localhost:8000/api/auth/update/ (note the trailing slash), or set APPEND_SLASH=False in your Django settings.
ERROR 2024-07-05 11:00:31,326 basehttp "PUT /api/auth/update HTTP/1.1" 500 74091
INFO 2024-07-05 11:00:59,940 mixins User: Anonymous | Method: POST | Path: /api/auth/login/ | Status: 200 | IP: 127.0.0.1
INFO 2024-07-05 11:00:59,941 basehttp "POST /api/auth/login/ HTTP/1.1" 200 736
ERROR 2024-07-05 11:01:02,000 log Internal Server Error: /api/auth/update
Traceback (most recent call last):
  File "D:\Projects\tail_watch_backend\venv\Lib\site-packages\django\core\handlers\exception.py", line 55, in inner
    response = get_response(request)
               ^^^^^^^^^^^^^^^^^^^^^
  File "D:\Projects\tail_watch_backend\venv\Lib\site-packages\django\utils\deprecation.py", line 136, in __call__
    response = self.process_response(request, response)
               ^^^^^^^^^^^^^^^^^^^^^^^^^^^^^^^^^^^^^^^^
  File "D:\Projects\tail_watch_backend\venv\Lib\site-packages\django\middleware\common.py", line 108, in process_response
    return self.response_redirect_class(self.get_full_path_with_slash(request))
                                        ^^^^^^^^^^^^^^^^^^^^^^^^^^^^^^^^^^^^^^
  File "D:\Projects\tail_watch_backend\venv\Lib\site-packages\django\middleware\common.py", line 87, in get_full_path_with_slash
    raise RuntimeError(
RuntimeError: You called this URL via PUT, but the URL doesn't end in a slash and you have APPEND_SLASH set. Django can't redirect to the slash URL while maintaining PUT data. Change your form to point to localhost:8000/api/auth/update/ (note the trailing slash), or set APPEND_SLASH=False in your Django settings.
ERROR 2024-07-05 11:01:02,001 basehttp "PUT /api/auth/update HTTP/1.1" 500 74091
INFO 2024-07-05 11:01:18,123 mixins User: Anonymous | Method: POST | Path: /api/auth/login/ | Status: 200 | IP: 127.0.0.1
INFO 2024-07-05 11:01:18,124 basehttp "POST /api/auth/login/ HTTP/1.1" 200 736
ERROR 2024-07-05 11:01:20,185 log Internal Server Error: /api/auth/update
Traceback (most recent call last):
  File "D:\Projects\tail_watch_backend\venv\Lib\site-packages\django\core\handlers\exception.py", line 55, in inner
    response = get_response(request)
               ^^^^^^^^^^^^^^^^^^^^^
  File "D:\Projects\tail_watch_backend\venv\Lib\site-packages\django\utils\deprecation.py", line 136, in __call__
    response = self.process_response(request, response)
               ^^^^^^^^^^^^^^^^^^^^^^^^^^^^^^^^^^^^^^^^
  File "D:\Projects\tail_watch_backend\venv\Lib\site-packages\django\middleware\common.py", line 108, in process_response
    return self.response_redirect_class(self.get_full_path_with_slash(request))
                                        ^^^^^^^^^^^^^^^^^^^^^^^^^^^^^^^^^^^^^^
  File "D:\Projects\tail_watch_backend\venv\Lib\site-packages\django\middleware\common.py", line 87, in get_full_path_with_slash
    raise RuntimeError(
RuntimeError: You called this URL via PUT, but the URL doesn't end in a slash and you have APPEND_SLASH set. Django can't redirect to the slash URL while maintaining PUT data. Change your form to point to localhost:8000/api/auth/update/ (note the trailing slash), or set APPEND_SLASH=False in your Django settings.
ERROR 2024-07-05 11:01:20,186 basehttp "PUT /api/auth/update HTTP/1.1" 500 74091
INFO 2024-07-05 11:01:30,049 mixins User: Anonymous | Method: POST | Path: /api/auth/login/ | Status: 200 | IP: 127.0.0.1
INFO 2024-07-05 11:01:30,050 basehttp "POST /api/auth/login/ HTTP/1.1" 200 736
ERROR 2024-07-05 11:01:32,107 log Internal Server Error: /api/auth/update
Traceback (most recent call last):
  File "D:\Projects\tail_watch_backend\venv\Lib\site-packages\django\core\handlers\exception.py", line 55, in inner
    response = get_response(request)
               ^^^^^^^^^^^^^^^^^^^^^
  File "D:\Projects\tail_watch_backend\venv\Lib\site-packages\django\utils\deprecation.py", line 136, in __call__
    response = self.process_response(request, response)
               ^^^^^^^^^^^^^^^^^^^^^^^^^^^^^^^^^^^^^^^^
  File "D:\Projects\tail_watch_backend\venv\Lib\site-packages\django\middleware\common.py", line 108, in process_response
    return self.response_redirect_class(self.get_full_path_with_slash(request))
                                        ^^^^^^^^^^^^^^^^^^^^^^^^^^^^^^^^^^^^^^
  File "D:\Projects\tail_watch_backend\venv\Lib\site-packages\django\middleware\common.py", line 87, in get_full_path_with_slash
    raise RuntimeError(
RuntimeError: You called this URL via PUT, but the URL doesn't end in a slash and you have APPEND_SLASH set. Django can't redirect to the slash URL while maintaining PUT data. Change your form to point to localhost:8000/api/auth/update/ (note the trailing slash), or set APPEND_SLASH=False in your Django settings.
ERROR 2024-07-05 11:01:32,108 basehttp "PUT /api/auth/update HTTP/1.1" 500 74091
INFO 2024-07-05 11:01:41,737 mixins User: Anonymous | Method: POST | Path: /api/auth/login/ | Status: 200 | IP: 127.0.0.1
INFO 2024-07-05 11:01:41,737 basehttp "POST /api/auth/login/ HTTP/1.1" 200 736
ERROR 2024-07-05 11:01:43,790 log Internal Server Error: /api/auth/update
Traceback (most recent call last):
  File "D:\Projects\tail_watch_backend\venv\Lib\site-packages\django\core\handlers\exception.py", line 55, in inner
    response = get_response(request)
               ^^^^^^^^^^^^^^^^^^^^^
  File "D:\Projects\tail_watch_backend\venv\Lib\site-packages\django\utils\deprecation.py", line 136, in __call__
    response = self.process_response(request, response)
               ^^^^^^^^^^^^^^^^^^^^^^^^^^^^^^^^^^^^^^^^
  File "D:\Projects\tail_watch_backend\venv\Lib\site-packages\django\middleware\common.py", line 108, in process_response
    return self.response_redirect_class(self.get_full_path_with_slash(request))
                                        ^^^^^^^^^^^^^^^^^^^^^^^^^^^^^^^^^^^^^^
  File "D:\Projects\tail_watch_backend\venv\Lib\site-packages\django\middleware\common.py", line 87, in get_full_path_with_slash
    raise RuntimeError(
RuntimeError: You called this URL via PUT, but the URL doesn't end in a slash and you have APPEND_SLASH set. Django can't redirect to the slash URL while maintaining PUT data. Change your form to point to localhost:8000/api/auth/update/ (note the trailing slash), or set APPEND_SLASH=False in your Django settings.
ERROR 2024-07-05 11:01:43,790 basehttp "PUT /api/auth/update HTTP/1.1" 500 74091
INFO 2024-07-05 11:03:20,744 mixins User: Anonymous | Method: POST | Path: /api/auth/login/ | Status: 200 | IP: 127.0.0.1
INFO 2024-07-05 11:03:20,745 basehttp "POST /api/auth/login/ HTTP/1.1" 200 736
ERROR 2024-07-05 11:03:22,821 log Internal Server Error: /api/auth/update
Traceback (most recent call last):
  File "D:\Projects\tail_watch_backend\venv\Lib\site-packages\django\core\handlers\exception.py", line 55, in inner
    response = get_response(request)
               ^^^^^^^^^^^^^^^^^^^^^
  File "D:\Projects\tail_watch_backend\venv\Lib\site-packages\django\utils\deprecation.py", line 136, in __call__
    response = self.process_response(request, response)
               ^^^^^^^^^^^^^^^^^^^^^^^^^^^^^^^^^^^^^^^^
  File "D:\Projects\tail_watch_backend\venv\Lib\site-packages\django\middleware\common.py", line 108, in process_response
    return self.response_redirect_class(self.get_full_path_with_slash(request))
                                        ^^^^^^^^^^^^^^^^^^^^^^^^^^^^^^^^^^^^^^
  File "D:\Projects\tail_watch_backend\venv\Lib\site-packages\django\middleware\common.py", line 87, in get_full_path_with_slash
    raise RuntimeError(
RuntimeError: You called this URL via PUT, but the URL doesn't end in a slash and you have APPEND_SLASH set. Django can't redirect to the slash URL while maintaining PUT data. Change your form to point to localhost:8000/api/auth/update/ (note the trailing slash), or set APPEND_SLASH=False in your Django settings.
ERROR 2024-07-05 11:03:22,822 basehttp "PUT /api/auth/update HTTP/1.1" 500 74091
INFO 2024-07-05 11:04:34,417 mixins User: Anonymous | Method: POST | Path: /api/auth/login/ | Status: 200 | IP: 127.0.0.1
INFO 2024-07-05 11:04:34,419 basehttp "POST /api/auth/login/ HTTP/1.1" 200 736
ERROR 2024-07-05 11:04:36,470 log Internal Server Error: /api/auth/update
Traceback (most recent call last):
  File "D:\Projects\tail_watch_backend\venv\Lib\site-packages\django\core\handlers\exception.py", line 55, in inner
    response = get_response(request)
               ^^^^^^^^^^^^^^^^^^^^^
  File "D:\Projects\tail_watch_backend\venv\Lib\site-packages\django\utils\deprecation.py", line 136, in __call__
    response = self.process_response(request, response)
               ^^^^^^^^^^^^^^^^^^^^^^^^^^^^^^^^^^^^^^^^
  File "D:\Projects\tail_watch_backend\venv\Lib\site-packages\django\middleware\common.py", line 108, in process_response
    return self.response_redirect_class(self.get_full_path_with_slash(request))
                                        ^^^^^^^^^^^^^^^^^^^^^^^^^^^^^^^^^^^^^^
  File "D:\Projects\tail_watch_backend\venv\Lib\site-packages\django\middleware\common.py", line 87, in get_full_path_with_slash
    raise RuntimeError(
RuntimeError: You called this URL via PUT, but the URL doesn't end in a slash and you have APPEND_SLASH set. Django can't redirect to the slash URL while maintaining PUT data. Change your form to point to localhost:8000/api/auth/update/ (note the trailing slash), or set APPEND_SLASH=False in your Django settings.
ERROR 2024-07-05 11:04:36,471 basehttp "PUT /api/auth/update HTTP/1.1" 500 74091
INFO 2024-07-05 11:05:02,222 mixins User: Anonymous | Method: POST | Path: /api/auth/login/ | Status: 200 | IP: 127.0.0.1
INFO 2024-07-05 11:05:02,223 basehttp "POST /api/auth/login/ HTTP/1.1" 200 736
ERROR 2024-07-05 11:05:04,273 log Internal Server Error: /api/auth/update
Traceback (most recent call last):
  File "D:\Projects\tail_watch_backend\venv\Lib\site-packages\django\core\handlers\exception.py", line 55, in inner
    response = get_response(request)
               ^^^^^^^^^^^^^^^^^^^^^
  File "D:\Projects\tail_watch_backend\venv\Lib\site-packages\django\utils\deprecation.py", line 136, in __call__
    response = self.process_response(request, response)
               ^^^^^^^^^^^^^^^^^^^^^^^^^^^^^^^^^^^^^^^^
  File "D:\Projects\tail_watch_backend\venv\Lib\site-packages\django\middleware\common.py", line 108, in process_response
    return self.response_redirect_class(self.get_full_path_with_slash(request))
                                        ^^^^^^^^^^^^^^^^^^^^^^^^^^^^^^^^^^^^^^
  File "D:\Projects\tail_watch_backend\venv\Lib\site-packages\django\middleware\common.py", line 87, in get_full_path_with_slash
    raise RuntimeError(
RuntimeError: You called this URL via PUT, but the URL doesn't end in a slash and you have APPEND_SLASH set. Django can't redirect to the slash URL while maintaining PUT data. Change your form to point to localhost:8000/api/auth/update/ (note the trailing slash), or set APPEND_SLASH=False in your Django settings.
ERROR 2024-07-05 11:05:04,274 basehttp "PUT /api/auth/update HTTP/1.1" 500 74091
INFO 2024-07-05 11:06:23,319 mixins User: Anonymous | Method: POST | Path: /api/auth/login/ | Status: 200 | IP: 127.0.0.1
INFO 2024-07-05 11:06:23,320 basehttp "POST /api/auth/login/ HTTP/1.1" 200 736
ERROR 2024-07-05 11:06:25,381 log Internal Server Error: /api/auth/update
Traceback (most recent call last):
  File "D:\Projects\tail_watch_backend\venv\Lib\site-packages\django\core\handlers\exception.py", line 55, in inner
    response = get_response(request)
               ^^^^^^^^^^^^^^^^^^^^^
  File "D:\Projects\tail_watch_backend\venv\Lib\site-packages\django\utils\deprecation.py", line 136, in __call__
    response = self.process_response(request, response)
               ^^^^^^^^^^^^^^^^^^^^^^^^^^^^^^^^^^^^^^^^
  File "D:\Projects\tail_watch_backend\venv\Lib\site-packages\django\middleware\common.py", line 108, in process_response
    return self.response_redirect_class(self.get_full_path_with_slash(request))
                                        ^^^^^^^^^^^^^^^^^^^^^^^^^^^^^^^^^^^^^^
  File "D:\Projects\tail_watch_backend\venv\Lib\site-packages\django\middleware\common.py", line 87, in get_full_path_with_slash
    raise RuntimeError(
RuntimeError: You called this URL via PATCH, but the URL doesn't end in a slash and you have APPEND_SLASH set. Django can't redirect to the slash URL while maintaining PATCH data. Change your form to point to localhost:8000/api/auth/update/ (note the trailing slash), or set APPEND_SLASH=False in your Django settings.
ERROR 2024-07-05 11:06:25,381 basehttp "PATCH /api/auth/update HTTP/1.1" 500 74121
INFO 2024-07-05 11:06:48,561 mixins User: Anonymous | Method: POST | Path: /api/auth/login/ | Status: 200 | IP: 127.0.0.1
INFO 2024-07-05 11:06:48,562 basehttp "POST /api/auth/login/ HTTP/1.1" 200 736
INFO 2024-07-05 11:06:50,642 mixins User: test_user_1 | Method: PATCH | Path: /api/auth/update/ | Status: 200 | IP: 127.0.0.1
INFO 2024-07-05 11:06:50,643 basehttp "PATCH /api/auth/update/ HTTP/1.1" 200 52
INFO 2024-07-05 11:08:53,211 autoreload D:\Projects\tail_watch_backend\users\serializers.py changed, reloading.
INFO 2024-07-05 11:08:54,082 autoreload Watching for file changes with StatReloader
INFO 2024-07-05 11:08:55,595 autoreload D:\Projects\tail_watch_backend\users\serializers.py changed, reloading.
INFO 2024-07-05 11:08:56,485 autoreload Watching for file changes with StatReloader
INFO 2024-07-05 11:08:57,999 autoreload D:\Projects\tail_watch_backend\users\serializers.py changed, reloading.
INFO 2024-07-05 11:08:58,861 autoreload Watching for file changes with StatReloader
INFO 2024-07-05 11:09:24,466 mixins User: testuser | Method: POST | Path: /api/tags/ | Status: 201 | IP: 127.0.0.1
INFO 2024-07-05 11:09:25,003 mixins User: testuser | Method: DELETE | Path: /api/tags/98610b55-7894-4b9a-b590-e80bc1747dca/delete/ | Status: 204 | IP: 127.0.0.1
INFO 2024-07-05 11:09:25,475 mixins User: testuser | Method: GET | Path: /api/tags/eabe52a7-722c-434e-80dc-dd39dfc6324b/ | Status: 200 | IP: 127.0.0.1
INFO 2024-07-05 11:09:25,948 mixins User: testuser | Method: GET | Path: /api/tags/ | Status: 200 | IP: 127.0.0.1
INFO 2024-07-05 11:09:26,448 mixins User: testuser | Method: PUT | Path: /api/tags/9faaa22d-13d8-43f3-b36a-069bc95b51a9/update/ | Status: 200 | IP: 127.0.0.1
INFO 2024-07-05 11:09:28,729 mixins User: Anonymous | Method: POST | Path: /api/auth/login/ | Status: 200 | IP: 127.0.0.1
INFO 2024-07-05 11:09:29,620 mixins User: Anonymous | Method: POST | Path: /api/auth/login/ | Status: 401 | IP: 127.0.0.1
WARNING 2024-07-05 11:09:29,621 log Unauthorized: /api/auth/login/
INFO 2024-07-05 11:09:30,075 mixins User: Anonymous | Method: POST | Path: /api/auth/signup/ | Status: 201 | IP: 127.0.0.1
INFO 2024-07-05 11:09:30,080 mixins User: Anonymous | Method: POST | Path: /api/auth/signup/ | Status: 400 | IP: 127.0.0.1
WARNING 2024-07-05 11:09:30,081 log Bad Request: /api/auth/signup/
INFO 2024-07-05 11:09:30,979 mixins User: testuser | Method: PUT | Path: /api/auth/update/ | Status: 400 | IP: 127.0.0.1
WARNING 2024-07-05 11:09:30,980 log Bad Request: /api/auth/update/
INFO 2024-07-05 11:09:32,053 mixins User: testuser | Method: PUT | Path: /api/auth/update/ | Status: 200 | IP: 127.0.0.1
INFO 2024-07-05 11:09:32,981 mixins User: testuser | Method: GET | Path: /api/auth/users/ | Status: 500 | IP: 127.0.0.1
ERROR 2024-07-05 11:09:32,981 log Internal Server Error: /api/auth/users/
INFO 2024-07-05 11:09:33,883 mixins User: testuser | Method: GET | Path: /api/auth/users/ | Status: 500 | IP: 127.0.0.1
ERROR 2024-07-05 11:09:33,883 log Internal Server Error: /api/auth/users/
INFO 2024-07-05 11:10:16,794 mixins User: testuser | Method: POST | Path: /api/tags/ | Status: 201 | IP: 127.0.0.1
INFO 2024-07-05 11:10:17,259 mixins User: testuser | Method: DELETE | Path: /api/tags/7b8343c8-0d7f-46f6-a4cd-a22edd8d1398/delete/ | Status: 204 | IP: 127.0.0.1
INFO 2024-07-05 11:10:17,734 mixins User: testuser | Method: GET | Path: /api/tags/1eeb0b4c-cbb8-41e0-b31b-41d1d1d3e34f/ | Status: 200 | IP: 127.0.0.1
INFO 2024-07-05 11:10:18,202 mixins User: testuser | Method: GET | Path: /api/tags/ | Status: 200 | IP: 127.0.0.1
INFO 2024-07-05 11:10:18,690 mixins User: testuser | Method: PUT | Path: /api/tags/e9151355-b341-4576-8c6a-8be13bcbf679/update/ | Status: 200 | IP: 127.0.0.1
INFO 2024-07-05 11:10:20,934 mixins User: Anonymous | Method: POST | Path: /api/auth/login/ | Status: 200 | IP: 127.0.0.1
INFO 2024-07-05 11:10:21,823 mixins User: Anonymous | Method: POST | Path: /api/auth/login/ | Status: 401 | IP: 127.0.0.1
WARNING 2024-07-05 11:10:21,824 log Unauthorized: /api/auth/login/
INFO 2024-07-05 11:10:22,272 mixins User: Anonymous | Method: POST | Path: /api/auth/signup/ | Status: 201 | IP: 127.0.0.1
INFO 2024-07-05 11:10:22,276 mixins User: Anonymous | Method: POST | Path: /api/auth/signup/ | Status: 400 | IP: 127.0.0.1
WARNING 2024-07-05 11:10:22,276 log Bad Request: /api/auth/signup/
INFO 2024-07-05 11:10:23,162 mixins User: testuser | Method: PATCH | Path: /api/auth/update/ | Status: 200 | IP: 127.0.0.1
INFO 2024-07-05 11:10:24,035 mixins User: testuser | Method: PUT | Path: /api/auth/update/ | Status: 200 | IP: 127.0.0.1
INFO 2024-07-05 11:10:25,083 mixins User: testuser | Method: GET | Path: /api/auth/users/ | Status: 500 | IP: 127.0.0.1
ERROR 2024-07-05 11:10:25,084 log Internal Server Error: /api/auth/users/
INFO 2024-07-05 11:10:25,997 mixins User: testuser | Method: GET | Path: /api/auth/users/ | Status: 500 | IP: 127.0.0.1
ERROR 2024-07-05 11:10:25,997 log Internal Server Error: /api/auth/users/
INFO 2024-07-05 11:11:38,569 autoreload Watching for file changes with StatReloader
INFO 2024-07-05 11:11:44,431 mixins User: Anonymous | Method: POST | Path: /api/auth/login/ | Status: 200 | IP: 127.0.0.1
INFO 2024-07-05 11:11:44,432 basehttp "POST /api/auth/login/ HTTP/1.1" 200 736
INFO 2024-07-05 11:11:46,500 mixins User: test_user_1 | Method: PATCH | Path: /api/auth/update/ | Status: 200 | IP: 127.0.0.1
INFO 2024-07-05 11:11:46,502 basehttp "PATCH /api/auth/update/ HTTP/1.1" 200 76
INFO 2024-07-05 11:12:15,148 autoreload D:\Projects\tail_watch_backend\users\serializers.py changed, reloading.
INFO 2024-07-05 11:12:16,007 autoreload Watching for file changes with StatReloader
INFO 2024-07-05 11:13:01,873 mixins User: Anonymous | Method: POST | Path: /api/auth/login/ | Status: 401 | IP: 127.0.0.1
WARNING 2024-07-05 11:13:01,874 log Unauthorized: /api/auth/login/
WARNING 2024-07-05 11:13:01,874 basehttp "POST /api/auth/login/ HTTP/1.1" 401 63
INFO 2024-07-05 11:13:20,903 mixins User: Anonymous | Method: POST | Path: /api/auth/login/ | Status: 401 | IP: 127.0.0.1
WARNING 2024-07-05 11:13:20,904 log Unauthorized: /api/auth/login/
WARNING 2024-07-05 11:13:20,904 basehttp "POST /api/auth/login/ HTTP/1.1" 401 63
INFO 2024-07-05 11:15:33,297 autoreload D:\Projects\tail_watch_backend\users\serializers.py changed, reloading.
INFO 2024-07-05 11:15:34,174 autoreload Watching for file changes with StatReloader
INFO 2024-07-05 11:15:35,695 autoreload D:\Projects\tail_watch_backend\users\serializers.py changed, reloading.
INFO 2024-07-05 11:15:36,573 autoreload Watching for file changes with StatReloader
INFO 2024-07-05 11:15:38,095 autoreload D:\Projects\tail_watch_backend\users\serializers.py changed, reloading.
INFO 2024-07-05 11:15:39,013 autoreload Watching for file changes with StatReloader
INFO 2024-07-05 11:15:40,526 autoreload D:\Projects\tail_watch_backend\users\serializers.py changed, reloading.
INFO 2024-07-05 11:15:41,391 autoreload Watching for file changes with StatReloader
INFO 2024-07-05 11:15:44,067 mixins User: Anonymous | Method: POST | Path: /api/auth/login/ | Status: 401 | IP: 127.0.0.1
WARNING 2024-07-05 11:15:44,067 log Unauthorized: /api/auth/login/
WARNING 2024-07-05 11:15:44,068 basehttp "POST /api/auth/login/ HTTP/1.1" 401 63
INFO 2024-07-05 11:16:20,325 mixins User: Anonymous | Method: POST | Path: /api/auth/login/ | Status: 200 | IP: 127.0.0.1
INFO 2024-07-05 11:16:20,326 basehttp "POST /api/auth/login/ HTTP/1.1" 200 736
INFO 2024-07-05 11:16:22,395 mixins User: test_user_1 | Method: PATCH | Path: /api/auth/update/ | Status: 400 | IP: 127.0.0.1
WARNING 2024-07-05 11:16:22,396 log Bad Request: /api/auth/update/
WARNING 2024-07-05 11:16:22,396 basehttp "PATCH /api/auth/update/ HTTP/1.1" 400 125
INFO 2024-07-05 11:16:52,744 mixins User: Anonymous | Method: POST | Path: /api/auth/login/ | Status: 200 | IP: 127.0.0.1
INFO 2024-07-05 11:16:52,745 basehttp "POST /api/auth/login/ HTTP/1.1" 200 736
INFO 2024-07-05 11:16:55,352 mixins User: test_user_1 | Method: PATCH | Path: /api/auth/update/ | Status: 200 | IP: 127.0.0.1
INFO 2024-07-05 11:16:55,353 basehttp "PATCH /api/auth/update/ HTTP/1.1" 200 52
INFO 2024-07-05 11:17:42,511 mixins User: Anonymous | Method: POST | Path: /api/auth/login/ | Status: 401 | IP: 127.0.0.1
WARNING 2024-07-05 11:17:42,512 log Unauthorized: /api/auth/login/
WARNING 2024-07-05 11:17:42,512 basehttp "POST /api/auth/login/ HTTP/1.1" 401 63
INFO 2024-07-05 11:17:52,122 mixins User: Anonymous | Method: POST | Path: /api/auth/login/ | Status: 200 | IP: 127.0.0.1
INFO 2024-07-05 11:17:52,123 basehttp "POST /api/auth/login/ HTTP/1.1" 200 736
INFO 2024-07-05 11:17:54,615 mixins User: test_user_1 | Method: PATCH | Path: /api/auth/update/ | Status: 200 | IP: 127.0.0.1
INFO 2024-07-05 11:17:54,616 basehttp "PATCH /api/auth/update/ HTTP/1.1" 200 52
INFO 2024-07-05 11:18:19,400 mixins User: testuser | Method: POST | Path: /api/tags/ | Status: 201 | IP: 127.0.0.1
INFO 2024-07-05 11:18:19,866 mixins User: testuser | Method: DELETE | Path: /api/tags/1572cde9-5939-4f69-8b9d-aded6a591233/delete/ | Status: 204 | IP: 127.0.0.1
INFO 2024-07-05 11:18:20,338 mixins User: testuser | Method: GET | Path: /api/tags/7fd2b64a-ec81-45f0-80e4-bc9f5638124a/ | Status: 200 | IP: 127.0.0.1
INFO 2024-07-05 11:18:20,803 mixins User: testuser | Method: GET | Path: /api/tags/ | Status: 200 | IP: 127.0.0.1
INFO 2024-07-05 11:18:21,289 mixins User: testuser | Method: PUT | Path: /api/tags/57cb2d21-6bc0-44c7-bdcf-b5e0cacded29/update/ | Status: 200 | IP: 127.0.0.1
INFO 2024-07-05 11:18:23,533 mixins User: Anonymous | Method: POST | Path: /api/auth/login/ | Status: 200 | IP: 127.0.0.1
INFO 2024-07-05 11:18:24,437 mixins User: Anonymous | Method: POST | Path: /api/auth/login/ | Status: 401 | IP: 127.0.0.1
WARNING 2024-07-05 11:18:24,437 log Unauthorized: /api/auth/login/
INFO 2024-07-05 11:18:24,912 mixins User: Anonymous | Method: POST | Path: /api/auth/signup/ | Status: 201 | IP: 127.0.0.1
INFO 2024-07-05 11:18:24,917 mixins User: Anonymous | Method: POST | Path: /api/auth/signup/ | Status: 400 | IP: 127.0.0.1
WARNING 2024-07-05 11:18:24,917 log Bad Request: /api/auth/signup/
INFO 2024-07-05 11:18:25,827 mixins User: testuser | Method: PATCH | Path: /api/auth/update/ | Status: 200 | IP: 127.0.0.1
INFO 2024-07-05 11:18:26,712 mixins User: testuser | Method: PATCH | Path: /api/auth/update/ | Status: 400 | IP: 127.0.0.1
WARNING 2024-07-05 11:18:26,712 log Bad Request: /api/auth/update/
INFO 2024-07-05 11:18:27,593 mixins User: testuser | Method: GET | Path: /api/auth/users/ | Status: 500 | IP: 127.0.0.1
ERROR 2024-07-05 11:18:27,594 log Internal Server Error: /api/auth/users/
INFO 2024-07-05 11:18:28,653 mixins User: testuser | Method: GET | Path: /api/auth/users/ | Status: 500 | IP: 127.0.0.1
ERROR 2024-07-05 11:18:28,653 log Internal Server Error: /api/auth/users/
INFO 2024-07-05 11:25:35,843 autoreload Watching for file changes with StatReloader
INFO 2024-07-05 11:25:44,693 autoreload D:\Projects\tail_watch_backend\users\serializers.py changed, reloading.
INFO 2024-07-05 11:25:45,539 autoreload Watching for file changes with StatReloader
INFO 2024-07-05 11:26:06,952 autoreload D:\Projects\tail_watch_backend\users\serializers.py changed, reloading.
INFO 2024-07-05 11:26:07,803 autoreload Watching for file changes with StatReloader
INFO 2024-07-05 16:17:06,449 mixins User: testuser | Method: POST | Path: /api/tags/ | Status: 201 | IP: 127.0.0.1
INFO 2024-07-05 16:17:06,926 mixins User: testuser | Method: DELETE | Path: /api/tags/a114cc62-94f4-4f7d-b3b6-434f3f259acb/delete/ | Status: 204 | IP: 127.0.0.1
INFO 2024-07-05 16:17:07,377 mixins User: testuser | Method: GET | Path: /api/tags/9c115d4a-5b8f-47bd-9336-a951cb1fd675/ | Status: 200 | IP: 127.0.0.1
INFO 2024-07-05 16:17:07,831 mixins User: testuser | Method: GET | Path: /api/tags/ | Status: 200 | IP: 127.0.0.1
INFO 2024-07-05 16:17:08,304 mixins User: testuser | Method: PUT | Path: /api/tags/8ceca793-7662-481f-b7d6-81fa7df48d0c/update/ | Status: 200 | IP: 127.0.0.1
INFO 2024-07-05 16:17:10,811 mixins User: Anonymous | Method: POST | Path: /api/auth/login/ | Status: 200 | IP: 127.0.0.1
INFO 2024-07-05 16:17:11,685 mixins User: Anonymous | Method: POST | Path: /api/auth/login/ | Status: 401 | IP: 127.0.0.1
WARNING 2024-07-05 16:17:11,685 log Unauthorized: /api/auth/login/
INFO 2024-07-05 16:17:12,113 mixins User: Anonymous | Method: POST | Path: /api/auth/login/ | Status: 400 | IP: 127.0.0.1
WARNING 2024-07-05 16:17:12,113 log Bad Request: /api/auth/login/
INFO 2024-07-05 16:17:12,157 mixins User: Anonymous | Method: POST | Path: /api/auth/signup/ | Status: 500 | IP: 127.0.0.1
ERROR 2024-07-05 16:17:12,158 log Internal Server Error: /api/auth/signup/
INFO 2024-07-05 16:17:12,165 mixins User: Anonymous | Method: POST | Path: /api/auth/signup/ | Status: 500 | IP: 127.0.0.1
ERROR 2024-07-05 16:17:12,166 log Internal Server Error: /api/auth/signup/
INFO 2024-07-05 16:17:13,036 mixins User: testuser | Method: PATCH | Path: /api/auth/update/ | Status: 200 | IP: 127.0.0.1
INFO 2024-07-05 16:17:13,901 mixins User: testuser | Method: PATCH | Path: /api/auth/update/ | Status: 400 | IP: 127.0.0.1
WARNING 2024-07-05 16:17:13,901 log Bad Request: /api/auth/update/
INFO 2024-07-05 16:20:41,021 mixins User: testuser | Method: POST | Path: /api/tags/ | Status: 201 | IP: 127.0.0.1
INFO 2024-07-05 16:20:41,474 mixins User: testuser | Method: DELETE | Path: /api/tags/ee071d36-71c9-4467-90e3-ecdfd39d9a02/delete/ | Status: 204 | IP: 127.0.0.1
INFO 2024-07-05 16:20:41,927 mixins User: testuser | Method: GET | Path: /api/tags/bb71011c-28ee-4f93-8142-282909201798/ | Status: 200 | IP: 127.0.0.1
INFO 2024-07-05 16:20:42,385 mixins User: testuser | Method: GET | Path: /api/tags/ | Status: 200 | IP: 127.0.0.1
INFO 2024-07-05 16:20:42,859 mixins User: testuser | Method: PUT | Path: /api/tags/a035dcba-0274-4d6a-b49c-2c43a5c874a5/update/ | Status: 200 | IP: 127.0.0.1
INFO 2024-07-05 16:20:45,041 mixins User: Anonymous | Method: POST | Path: /api/auth/login/ | Status: 200 | IP: 127.0.0.1
INFO 2024-07-05 16:20:45,901 mixins User: Anonymous | Method: POST | Path: /api/auth/login/ | Status: 401 | IP: 127.0.0.1
WARNING 2024-07-05 16:20:45,901 log Unauthorized: /api/auth/login/
INFO 2024-07-05 16:20:46,332 mixins User: Anonymous | Method: POST | Path: /api/auth/login/ | Status: 400 | IP: 127.0.0.1
WARNING 2024-07-05 16:20:46,332 log Bad Request: /api/auth/login/
INFO 2024-07-05 16:20:46,779 mixins User: Anonymous | Method: POST | Path: /api/auth/signup/ | Status: 201 | IP: 127.0.0.1
INFO 2024-07-05 16:20:46,813 mixins User: Anonymous | Method: POST | Path: /api/auth/signup/ | Status: 500 | IP: 127.0.0.1
ERROR 2024-07-05 16:20:46,813 log Internal Server Error: /api/auth/signup/
INFO 2024-07-05 16:20:46,983 mixins User: Anonymous | Method: POST | Path: /api/auth/signup/ | Status: 400 | IP: 127.0.0.1
WARNING 2024-07-05 16:20:46,983 log Bad Request: /api/auth/signup/
INFO 2024-07-05 16:20:47,843 mixins User: testuser | Method: PATCH | Path: /api/auth/update/ | Status: 200 | IP: 127.0.0.1
INFO 2024-07-05 16:20:48,701 mixins User: testuser | Method: PATCH | Path: /api/auth/update/ | Status: 400 | IP: 127.0.0.1
WARNING 2024-07-05 16:20:48,701 log Bad Request: /api/auth/update/
INFO 2024-07-05 16:29:13,551 mixins User: testuser | Method: POST | Path: /api/tags/ | Status: 201 | IP: 127.0.0.1
INFO 2024-07-05 16:29:14,008 mixins User: testuser | Method: DELETE | Path: /api/tags/be1fa4c0-3170-49c2-8036-1fb440048ac4/delete/ | Status: 204 | IP: 127.0.0.1
INFO 2024-07-05 16:29:14,459 mixins User: testuser | Method: GET | Path: /api/tags/070f6741-f095-4272-9348-eb5319175d95/ | Status: 200 | IP: 127.0.0.1
INFO 2024-07-05 16:29:14,917 mixins User: testuser | Method: GET | Path: /api/tags/ | Status: 200 | IP: 127.0.0.1
INFO 2024-07-05 16:29:15,411 mixins User: testuser | Method: PUT | Path: /api/tags/df29a973-fe4f-476c-83e5-66d95dfa77c0/update/ | Status: 200 | IP: 127.0.0.1
INFO 2024-07-05 16:29:17,670 mixins User: Anonymous | Method: POST | Path: /api/auth/login/ | Status: 200 | IP: 127.0.0.1
INFO 2024-07-05 16:29:18,542 mixins User: Anonymous | Method: POST | Path: /api/auth/login/ | Status: 401 | IP: 127.0.0.1
WARNING 2024-07-05 16:29:18,543 log Unauthorized: /api/auth/login/
INFO 2024-07-05 16:29:19,007 mixins User: Anonymous | Method: POST | Path: /api/auth/login/ | Status: 400 | IP: 127.0.0.1
WARNING 2024-07-05 16:29:19,007 log Bad Request: /api/auth/login/
INFO 2024-07-05 16:29:19,455 mixins User: Anonymous | Method: POST | Path: /api/auth/signup/ | Status: 201 | IP: 127.0.0.1
INFO 2024-07-05 16:29:19,482 mixins User: Anonymous | Method: POST | Path: /api/auth/signup/ | Status: 500 | IP: 127.0.0.1
ERROR 2024-07-05 16:29:19,482 log Internal Server Error: /api/auth/signup/
INFO 2024-07-05 16:29:19,662 mixins User: Anonymous | Method: POST | Path: /api/auth/signup/ | Status: 400 | IP: 127.0.0.1
WARNING 2024-07-05 16:29:19,663 log Bad Request: /api/auth/signup/
INFO 2024-07-05 16:29:20,576 mixins User: testuser | Method: PATCH | Path: /api/auth/update/ | Status: 200 | IP: 127.0.0.1
INFO 2024-07-05 16:29:21,443 mixins User: testuser | Method: PATCH | Path: /api/auth/update/ | Status: 400 | IP: 127.0.0.1
WARNING 2024-07-05 16:29:21,443 log Bad Request: /api/auth/update/
INFO 2024-07-05 16:29:39,057 mixins User: Anonymous | Method: POST | Path: /api/auth/login/ | Status: 200 | IP: 127.0.0.1
INFO 2024-07-05 16:29:39,925 mixins User: Anonymous | Method: POST | Path: /api/auth/login/ | Status: 401 | IP: 127.0.0.1
WARNING 2024-07-05 16:29:39,926 log Unauthorized: /api/auth/login/
INFO 2024-07-05 16:29:40,375 mixins User: Anonymous | Method: POST | Path: /api/auth/login/ | Status: 400 | IP: 127.0.0.1
WARNING 2024-07-05 16:29:40,375 log Bad Request: /api/auth/login/
INFO 2024-07-05 16:29:40,818 mixins User: Anonymous | Method: POST | Path: /api/auth/signup/ | Status: 201 | IP: 127.0.0.1
INFO 2024-07-05 16:29:40,827 mixins User: Anonymous | Method: POST | Path: /api/auth/signup/ | Status: 500 | IP: 127.0.0.1
ERROR 2024-07-05 16:29:40,827 log Internal Server Error: /api/auth/signup/
INFO 2024-07-05 16:29:40,995 mixins User: Anonymous | Method: POST | Path: /api/auth/signup/ | Status: 400 | IP: 127.0.0.1
WARNING 2024-07-05 16:29:40,996 log Bad Request: /api/auth/signup/
INFO 2024-07-05 16:29:41,862 mixins User: testuser | Method: PATCH | Path: /api/auth/update/ | Status: 200 | IP: 127.0.0.1
INFO 2024-07-05 16:29:42,868 mixins User: testuser | Method: PATCH | Path: /api/auth/update/ | Status: 400 | IP: 127.0.0.1
WARNING 2024-07-05 16:29:42,869 log Bad Request: /api/auth/update/
INFO 2024-07-05 16:32:42,399 mixins User: Anonymous | Method: POST | Path: /api/auth/login/ | Status: 200 | IP: 127.0.0.1
INFO 2024-07-05 16:32:43,291 mixins User: Anonymous | Method: POST | Path: /api/auth/login/ | Status: 401 | IP: 127.0.0.1
WARNING 2024-07-05 16:32:43,291 log Unauthorized: /api/auth/login/
INFO 2024-07-05 16:32:43,723 mixins User: Anonymous | Method: POST | Path: /api/auth/login/ | Status: 400 | IP: 127.0.0.1
WARNING 2024-07-05 16:32:43,724 log Bad Request: /api/auth/login/
INFO 2024-07-05 16:32:44,169 mixins User: Anonymous | Method: POST | Path: /api/auth/signup/ | Status: 201 | IP: 127.0.0.1
INFO 2024-07-05 16:32:44,177 mixins User: Anonymous | Method: POST | Path: /api/auth/signup/ | Status: 500 | IP: 127.0.0.1
ERROR 2024-07-05 16:32:44,177 log Internal Server Error: /api/auth/signup/
INFO 2024-07-05 16:32:44,351 mixins User: Anonymous | Method: POST | Path: /api/auth/signup/ | Status: 400 | IP: 127.0.0.1
WARNING 2024-07-05 16:32:44,352 log Bad Request: /api/auth/signup/
INFO 2024-07-05 16:32:45,218 mixins User: testuser | Method: PATCH | Path: /api/auth/update/ | Status: 200 | IP: 127.0.0.1
INFO 2024-07-05 16:32:46,092 mixins User: testuser | Method: PATCH | Path: /api/auth/update/ | Status: 400 | IP: 127.0.0.1
WARNING 2024-07-05 16:32:46,093 log Bad Request: /api/auth/update/
INFO 2024-07-05 16:34:03,576 mixins User: Anonymous | Method: POST | Path: /api/auth/login/ | Status: 200 | IP: 127.0.0.1
INFO 2024-07-05 16:34:04,436 mixins User: Anonymous | Method: POST | Path: /api/auth/login/ | Status: 401 | IP: 127.0.0.1
WARNING 2024-07-05 16:34:04,436 log Unauthorized: /api/auth/login/
INFO 2024-07-05 16:34:04,874 mixins User: Anonymous | Method: POST | Path: /api/auth/login/ | Status: 400 | IP: 127.0.0.1
WARNING 2024-07-05 16:34:04,874 log Bad Request: /api/auth/login/
INFO 2024-07-05 16:34:05,316 mixins User: Anonymous | Method: POST | Path: /api/auth/signup/ | Status: 201 | IP: 127.0.0.1
INFO 2024-07-05 16:34:05,839 mixins User: Anonymous | Method: POST | Path: /api/auth/signup/ | Status: 500 | IP: 127.0.0.1
ERROR 2024-07-05 16:34:05,839 log Internal Server Error: /api/auth/signup/
INFO 2024-07-05 16:34:06,011 mixins User: Anonymous | Method: POST | Path: /api/auth/signup/ | Status: 400 | IP: 127.0.0.1
WARNING 2024-07-05 16:34:06,012 log Bad Request: /api/auth/signup/
INFO 2024-07-05 16:34:06,872 mixins User: testuser | Method: PATCH | Path: /api/auth/update/ | Status: 200 | IP: 127.0.0.1
INFO 2024-07-05 16:34:07,745 mixins User: testuser | Method: PATCH | Path: /api/auth/update/ | Status: 400 | IP: 127.0.0.1
WARNING 2024-07-05 16:34:07,746 log Bad Request: /api/auth/update/
INFO 2024-07-05 16:37:31,990 mixins User: Anonymous | Method: POST | Path: /api/auth/login/ | Status: 200 | IP: 127.0.0.1
INFO 2024-07-05 16:37:32,853 mixins User: Anonymous | Method: POST | Path: /api/auth/login/ | Status: 401 | IP: 127.0.0.1
WARNING 2024-07-05 16:37:32,853 log Unauthorized: /api/auth/login/
INFO 2024-07-05 16:37:33,289 mixins User: Anonymous | Method: POST | Path: /api/auth/login/ | Status: 400 | IP: 127.0.0.1
WARNING 2024-07-05 16:37:33,289 log Bad Request: /api/auth/login/
INFO 2024-07-05 16:37:33,735 mixins User: Anonymous | Method: POST | Path: /api/auth/signup/ | Status: 201 | IP: 127.0.0.1
INFO 2024-07-05 16:37:33,741 mixins User: Anonymous | Method: POST | Path: /api/auth/signup/ | Status: 400 | IP: 127.0.0.1
WARNING 2024-07-05 16:37:33,741 log Bad Request: /api/auth/signup/
INFO 2024-07-05 16:37:33,745 mixins User: Anonymous | Method: POST | Path: /api/auth/signup/ | Status: 400 | IP: 127.0.0.1
WARNING 2024-07-05 16:37:33,745 log Bad Request: /api/auth/signup/
INFO 2024-07-05 16:37:34,609 mixins User: testuser | Method: PATCH | Path: /api/auth/update/ | Status: 200 | IP: 127.0.0.1
INFO 2024-07-05 16:37:35,475 mixins User: testuser | Method: PATCH | Path: /api/auth/update/ | Status: 400 | IP: 127.0.0.1
WARNING 2024-07-05 16:37:35,476 log Bad Request: /api/auth/update/
INFO 2024-07-05 16:50:32,536 mixins User: Anonymous | Method: POST | Path: /api/auth/login/ | Status: 200 | IP: 127.0.0.1
INFO 2024-07-05 16:50:33,403 mixins User: Anonymous | Method: POST | Path: /api/auth/login/ | Status: 401 | IP: 127.0.0.1
WARNING 2024-07-05 16:50:33,403 log Unauthorized: /api/auth/login/
INFO 2024-07-05 16:50:33,835 mixins User: Anonymous | Method: POST | Path: /api/auth/login/ | Status: 400 | IP: 127.0.0.1
WARNING 2024-07-05 16:50:33,835 log Bad Request: /api/auth/login/
INFO 2024-07-05 16:50:34,304 mixins User: Anonymous | Method: POST | Path: /api/auth/signup/ | Status: 201 | IP: 127.0.0.1
INFO 2024-07-05 16:50:34,309 mixins User: Anonymous | Method: POST | Path: /api/auth/signup/ | Status: 400 | IP: 127.0.0.1
WARNING 2024-07-05 16:50:34,310 log Bad Request: /api/auth/signup/
INFO 2024-07-05 16:50:34,316 mixins User: Anonymous | Method: POST | Path: /api/auth/signup/ | Status: 400 | IP: 127.0.0.1
WARNING 2024-07-05 16:50:34,316 log Bad Request: /api/auth/signup/
INFO 2024-07-05 17:22:57,741 autoreload Watching for file changes with StatReloader
INFO 2024-07-05 17:23:56,042 autoreload D:\Projects\tail_watch_backend\admin\apps.py changed, reloading.
INFO 2024-07-05 17:23:56,411 autoreload Watching for file changes with StatReloader
INFO 2024-07-05 17:23:58,691 autoreload D:\Projects\tail_watch_backend\admin\apps.py changed, reloading.
INFO 2024-07-05 17:23:59,064 autoreload Watching for file changes with StatReloader
INFO 2024-07-05 17:24:00,300 autoreload D:\Projects\tail_watch_backend\admin\apps.py changed, reloading.
INFO 2024-07-05 17:24:00,670 autoreload Watching for file changes with StatReloader
INFO 2024-07-05 17:24:09,033 autoreload D:\Projects\tail_watch_backend\admin\apps.py changed, reloading.
INFO 2024-07-05 17:24:09,398 autoreload Watching for file changes with StatReloader
INFO 2024-07-05 17:24:13,694 autoreload D:\Projects\tail_watch_backend\admin\apps.py changed, reloading.
INFO 2024-07-05 17:24:14,062 autoreload Watching for file changes with StatReloader
INFO 2024-07-05 17:24:45,864 autoreload D:\Projects\tail_watch_backend\tail_watch\settings.py changed, reloading.
INFO 2024-07-05 17:24:46,801 autoreload Watching for file changes with StatReloader
INFO 2024-07-05 17:25:05,255 autoreload Watching for file changes with StatReloader
INFO 2024-07-05 17:25:56,423 autoreload Watching for file changes with StatReloader
INFO 2024-07-05 17:27:11,527 autoreload D:\Projects\tail_watch_backend\users\mixins.py changed, reloading.
INFO 2024-07-05 17:27:12,386 autoreload Watching for file changes with StatReloader
INFO 2024-07-05 17:27:27,586 autoreload D:\Projects\tail_watch_backend\users\mixins.py changed, reloading.
INFO 2024-07-05 17:27:28,462 autoreload Watching for file changes with StatReloader
INFO 2024-07-05 17:27:29,987 autoreload D:\Projects\tail_watch_backend\users\mixins.py changed, reloading.
INFO 2024-07-05 17:27:30,851 autoreload Watching for file changes with StatReloader
INFO 2024-07-05 17:27:32,366 autoreload D:\Projects\tail_watch_backend\users\mixins.py changed, reloading.
INFO 2024-07-05 17:27:33,234 autoreload Watching for file changes with StatReloader
INFO 2024-07-05 17:27:46,059 autoreload D:\Projects\tail_watch_backend\users\mixins.py changed, reloading.
INFO 2024-07-05 17:27:46,917 autoreload Watching for file changes with StatReloader
INFO 2024-07-05 17:28:13,369 autoreload D:\Projects\tail_watch_backend\users\mixins.py changed, reloading.
INFO 2024-07-05 17:28:14,226 autoreload Watching for file changes with StatReloader
INFO 2024-07-05 17:28:16,559 autoreload D:\Projects\tail_watch_backend\users\mixins.py changed, reloading.
INFO 2024-07-05 17:28:17,419 autoreload Watching for file changes with StatReloader
INFO 2024-07-05 17:28:18,702 autoreload D:\Projects\tail_watch_backend\users\mixins.py changed, reloading.
INFO 2024-07-05 17:28:19,562 autoreload Watching for file changes with StatReloader
INFO 2024-07-05 17:28:39,748 autoreload D:\Projects\tail_watch_backend\users\mixins.py changed, reloading.
INFO 2024-07-05 17:28:40,716 autoreload Watching for file changes with StatReloader
INFO 2024-07-05 17:28:44,122 autoreload D:\Projects\tail_watch_backend\users\mixins.py changed, reloading.
INFO 2024-07-05 17:28:44,973 autoreload Watching for file changes with StatReloader
INFO 2024-07-05 17:28:46,255 autoreload D:\Projects\tail_watch_backend\users\mixins.py changed, reloading.
INFO 2024-07-05 17:28:47,176 autoreload Watching for file changes with StatReloader
INFO 2024-07-05 17:28:58,952 autoreload D:\Projects\tail_watch_backend\users\mixins.py changed, reloading.
INFO 2024-07-05 17:28:59,835 autoreload Watching for file changes with StatReloader
INFO 2024-07-05 17:29:07,407 autoreload D:\Projects\tail_watch_backend\users\mixins.py changed, reloading.
INFO 2024-07-05 17:29:08,296 autoreload Watching for file changes with StatReloader
INFO 2024-07-05 17:29:12,721 autoreload D:\Projects\tail_watch_backend\users\mixins.py changed, reloading.
INFO 2024-07-05 17:29:13,587 autoreload Watching for file changes with StatReloader
INFO 2024-07-05 17:29:15,915 autoreload D:\Projects\tail_watch_backend\users\mixins.py changed, reloading.
INFO 2024-07-05 17:29:16,809 autoreload Watching for file changes with StatReloader
INFO 2024-07-05 17:29:20,215 autoreload D:\Projects\tail_watch_backend\users\mixins.py changed, reloading.
INFO 2024-07-05 17:29:21,084 autoreload Watching for file changes with StatReloader
INFO 2024-07-05 17:29:29,699 autoreload D:\Projects\tail_watch_backend\users\mixins.py changed, reloading.
INFO 2024-07-05 17:29:30,585 autoreload Watching for file changes with StatReloader
INFO 2024-07-05 17:29:33,162 autoreload D:\Projects\tail_watch_backend\users\mixins.py changed, reloading.
INFO 2024-07-05 17:29:34,078 autoreload Watching for file changes with StatReloader
INFO 2024-07-05 17:29:36,655 autoreload D:\Projects\tail_watch_backend\users\mixins.py changed, reloading.
INFO 2024-07-05 17:29:37,537 autoreload Watching for file changes with StatReloader
INFO 2024-07-05 17:29:40,137 autoreload D:\Projects\tail_watch_backend\users\mixins.py changed, reloading.
INFO 2024-07-05 17:29:41,008 autoreload Watching for file changes with StatReloader
INFO 2024-07-05 17:29:44,619 autoreload D:\Projects\tail_watch_backend\users\mixins.py changed, reloading.
INFO 2024-07-05 17:29:45,491 autoreload Watching for file changes with StatReloader
INFO 2024-07-05 17:29:46,784 autoreload D:\Projects\tail_watch_backend\users\mixins.py changed, reloading.
INFO 2024-07-05 17:29:47,670 autoreload Watching for file changes with StatReloader
INFO 2024-07-05 17:29:49,194 autoreload D:\Projects\tail_watch_backend\users\mixins.py changed, reloading.
INFO 2024-07-05 17:29:50,051 autoreload Watching for file changes with StatReloader
INFO 2024-07-05 17:29:53,672 autoreload D:\Projects\tail_watch_backend\users\mixins.py changed, reloading.
INFO 2024-07-05 17:29:54,534 autoreload Watching for file changes with StatReloader
INFO 2024-07-05 17:29:58,145 autoreload D:\Projects\tail_watch_backend\users\mixins.py changed, reloading.
INFO 2024-07-05 17:29:59,001 autoreload Watching for file changes with StatReloader
INFO 2024-07-05 17:30:00,535 autoreload D:\Projects\tail_watch_backend\users\mixins.py changed, reloading.
INFO 2024-07-05 17:30:01,401 autoreload Watching for file changes with StatReloader
INFO 2024-07-05 17:30:02,924 autoreload D:\Projects\tail_watch_backend\users\mixins.py changed, reloading.
INFO 2024-07-05 17:30:03,796 autoreload Watching for file changes with StatReloader
INFO 2024-07-05 17:30:12,695 autoreload D:\Projects\tail_watch_backend\users\mixins.py changed, reloading.
INFO 2024-07-05 17:30:13,554 autoreload Watching for file changes with StatReloader
INFO 2024-07-05 17:30:16,930 autoreload D:\Projects\tail_watch_backend\users\mixins.py changed, reloading.
INFO 2024-07-05 17:30:17,802 autoreload Watching for file changes with StatReloader
INFO 2024-07-05 17:33:11,133 autoreload D:\Projects\tail_watch_backend\admin_api\views.py changed, reloading.
INFO 2024-07-05 17:33:12,004 autoreload Watching for file changes with StatReloader
INFO 2024-07-05 17:33:14,328 autoreload D:\Projects\tail_watch_backend\admin_api\views.py changed, reloading.
INFO 2024-07-05 17:33:15,183 autoreload Watching for file changes with StatReloader
INFO 2024-07-05 17:33:16,444 autoreload D:\Projects\tail_watch_backend\admin_api\views.py changed, reloading.
INFO 2024-07-05 17:33:17,284 autoreload Watching for file changes with StatReloader
INFO 2024-07-05 17:33:21,722 autoreload D:\Projects\tail_watch_backend\admin_api\views.py changed, reloading.
INFO 2024-07-05 17:33:22,585 autoreload Watching for file changes with StatReloader
INFO 2024-07-05 17:37:09,531 mixins User: Anonymous | Method: POST | Path: /api/auth/login/ | Status: 200 | IP: 127.0.0.1
INFO 2024-07-05 17:37:09,532 basehttp "POST /api/auth/login/ HTTP/1.1" 200 736
ERROR 2024-07-05 17:37:11,842 log Internal Server Error: /api/tags/
Traceback (most recent call last):
  File "D:\Projects\tail_watch_backend\tail_watch\jwt_authentication.py", line 14, in authenticate
    verified_payload, _ = TokenBackend().decode(token)
                          ^^^^^^^^^^^^^^
TypeError: TokenBackend.__init__() missing 1 required positional argument: 'algorithm'

During handling of the above exception, another exception occurred:

Traceback (most recent call last):
  File "D:\Projects\tail_watch_backend\venv\Lib\site-packages\rest_framework\request.py", line 74, in wrap_attributeerrors
    yield
  File "D:\Projects\tail_watch_backend\venv\Lib\site-packages\rest_framework\request.py", line 231, in user
    self._authenticate()
  File "D:\Projects\tail_watch_backend\venv\Lib\site-packages\rest_framework\request.py", line 384, in _authenticate
    user_auth_tuple = authenticator.authenticate(self)
                      ^^^^^^^^^^^^^^^^^^^^^^^^^^^^^^^^
  File "D:\Projects\tail_watch_backend\tail_watch\jwt_authentication.py", line 18, in authenticate
    except (TokenBackend.ValidationError, CustomUser.DoesNotExist):
            ^^^^^^^^^^^^^^^^^^^^^^^^^^^^
AttributeError: type object 'TokenBackend' has no attribute 'ValidationError'

During handling of the above exception, another exception occurred:

Traceback (most recent call last):
  File "D:\Projects\tail_watch_backend\venv\Lib\site-packages\rest_framework\views.py", line 497, in dispatch
    self.initial(request, *args, **kwargs)
  File "D:\Projects\tail_watch_backend\venv\Lib\site-packages\rest_framework\views.py", line 414, in initial
    self.perform_authentication(request)
  File "D:\Projects\tail_watch_backend\venv\Lib\site-packages\rest_framework\views.py", line 324, in perform_authentication
    request.user
  File "D:\Projects\tail_watch_backend\venv\Lib\site-packages\rest_framework\request.py", line 230, in user
    with wrap_attributeerrors():
  File "C:\Program Files\WindowsApps\PythonSoftwareFoundation.Python.3.12_3.12.1264.0_x64__qbz5n2kfra8p0\Lib\contextlib.py", line 158, in __exit__
    self.gen.throw(value)
  File "D:\Projects\tail_watch_backend\venv\Lib\site-packages\rest_framework\request.py", line 78, in wrap_attributeerrors
    raise exc.with_traceback(info[2])
  File "D:\Projects\tail_watch_backend\venv\Lib\site-packages\rest_framework\request.py", line 74, in wrap_attributeerrors
    yield
  File "D:\Projects\tail_watch_backend\venv\Lib\site-packages\rest_framework\request.py", line 231, in user
    self._authenticate()
  File "D:\Projects\tail_watch_backend\venv\Lib\site-packages\rest_framework\request.py", line 384, in _authenticate
    user_auth_tuple = authenticator.authenticate(self)
                      ^^^^^^^^^^^^^^^^^^^^^^^^^^^^^^^^
  File "D:\Projects\tail_watch_backend\tail_watch\jwt_authentication.py", line 18, in authenticate
    except (TokenBackend.ValidationError, CustomUser.DoesNotExist):
            ^^^^^^^^^^^^^^^^^^^^^^^^^^^^
rest_framework.request.WrappedAttributeError: type object 'TokenBackend' has no attribute 'ValidationError'

During handling of the above exception, another exception occurred:

Traceback (most recent call last):
  File "D:\Projects\tail_watch_backend\tail_watch\jwt_authentication.py", line 14, in authenticate
    verified_payload, _ = TokenBackend().decode(token)
                          ^^^^^^^^^^^^^^
TypeError: TokenBackend.__init__() missing 1 required positional argument: 'algorithm'

During handling of the above exception, another exception occurred:

Traceback (most recent call last):
  File "D:\Projects\tail_watch_backend\venv\Lib\site-packages\rest_framework\request.py", line 74, in wrap_attributeerrors
    yield
  File "D:\Projects\tail_watch_backend\venv\Lib\site-packages\rest_framework\request.py", line 231, in user
    self._authenticate()
  File "D:\Projects\tail_watch_backend\venv\Lib\site-packages\rest_framework\request.py", line 384, in _authenticate
    user_auth_tuple = authenticator.authenticate(self)
                      ^^^^^^^^^^^^^^^^^^^^^^^^^^^^^^^^
  File "D:\Projects\tail_watch_backend\tail_watch\jwt_authentication.py", line 18, in authenticate
    except (TokenBackend.ValidationError, CustomUser.DoesNotExist):
            ^^^^^^^^^^^^^^^^^^^^^^^^^^^^
AttributeError: type object 'TokenBackend' has no attribute 'ValidationError'

During handling of the above exception, another exception occurred:

Traceback (most recent call last):
  File "D:\Projects\tail_watch_backend\venv\Lib\site-packages\django\core\handlers\exception.py", line 55, in inner
    response = get_response(request)
               ^^^^^^^^^^^^^^^^^^^^^
  File "D:\Projects\tail_watch_backend\venv\Lib\site-packages\django\core\handlers\base.py", line 197, in _get_response
    response = wrapped_callback(request, *callback_args, **callback_kwargs)
               ^^^^^^^^^^^^^^^^^^^^^^^^^^^^^^^^^^^^^^^^^^^^^^^^^^^^^^^^^^^^
  File "C:\Program Files\WindowsApps\PythonSoftwareFoundation.Python.3.12_3.12.1264.0_x64__qbz5n2kfra8p0\Lib\contextlib.py", line 81, in inner
    return func(*args, **kwds)
           ^^^^^^^^^^^^^^^^^^^
  File "D:\Projects\tail_watch_backend\venv\Lib\site-packages\django\views\decorators\csrf.py", line 56, in wrapper_view
    return view_func(*args, **kwargs)
           ^^^^^^^^^^^^^^^^^^^^^^^^^^
  File "D:\Projects\tail_watch_backend\venv\Lib\site-packages\django\views\generic\base.py", line 104, in view
    return self.dispatch(request, *args, **kwargs)
           ^^^^^^^^^^^^^^^^^^^^^^^^^^^^^^^^^^^^^^^
  File "D:\Projects\tail_watch_backend\venv\Lib\site-packages\rest_framework\views.py", line 509, in dispatch
    response = self.handle_exception(exc)
               ^^^^^^^^^^^^^^^^^^^^^^^^^^
  File "D:\Projects\tail_watch_backend\shared\mixins.py", line 17, in handle_exception
    user = self.request.user if self.request.user.is_authenticated else "Anonymous"
                                ^^^^^^^^^^^^^^^^^
  File "D:\Projects\tail_watch_backend\venv\Lib\site-packages\rest_framework\request.py", line 230, in user
    with wrap_attributeerrors():
  File "C:\Program Files\WindowsApps\PythonSoftwareFoundation.Python.3.12_3.12.1264.0_x64__qbz5n2kfra8p0\Lib\contextlib.py", line 158, in __exit__
    self.gen.throw(value)
  File "D:\Projects\tail_watch_backend\venv\Lib\site-packages\rest_framework\request.py", line 78, in wrap_attributeerrors
    raise exc.with_traceback(info[2])
  File "D:\Projects\tail_watch_backend\venv\Lib\site-packages\rest_framework\request.py", line 74, in wrap_attributeerrors
    yield
  File "D:\Projects\tail_watch_backend\venv\Lib\site-packages\rest_framework\request.py", line 231, in user
    self._authenticate()
  File "D:\Projects\tail_watch_backend\venv\Lib\site-packages\rest_framework\request.py", line 384, in _authenticate
    user_auth_tuple = authenticator.authenticate(self)
                      ^^^^^^^^^^^^^^^^^^^^^^^^^^^^^^^^
  File "D:\Projects\tail_watch_backend\tail_watch\jwt_authentication.py", line 18, in authenticate
    except (TokenBackend.ValidationError, CustomUser.DoesNotExist):
            ^^^^^^^^^^^^^^^^^^^^^^^^^^^^
rest_framework.request.WrappedAttributeError: type object 'TokenBackend' has no attribute 'ValidationError'
ERROR 2024-07-05 17:37:11,846 basehttp "POST /api/tags/ HTTP/1.1" 500 197165
ERROR 2024-07-05 17:37:13,934 log Internal Server Error: /api/tags/bulk/
Traceback (most recent call last):
  File "D:\Projects\tail_watch_backend\tail_watch\jwt_authentication.py", line 14, in authenticate
    verified_payload, _ = TokenBackend().decode(token)
                          ^^^^^^^^^^^^^^
TypeError: TokenBackend.__init__() missing 1 required positional argument: 'algorithm'

During handling of the above exception, another exception occurred:

Traceback (most recent call last):
  File "D:\Projects\tail_watch_backend\venv\Lib\site-packages\rest_framework\request.py", line 74, in wrap_attributeerrors
    yield
  File "D:\Projects\tail_watch_backend\venv\Lib\site-packages\rest_framework\request.py", line 231, in user
    self._authenticate()
  File "D:\Projects\tail_watch_backend\venv\Lib\site-packages\rest_framework\request.py", line 384, in _authenticate
    user_auth_tuple = authenticator.authenticate(self)
                      ^^^^^^^^^^^^^^^^^^^^^^^^^^^^^^^^
  File "D:\Projects\tail_watch_backend\tail_watch\jwt_authentication.py", line 18, in authenticate
    except (TokenBackend.ValidationError, CustomUser.DoesNotExist):
            ^^^^^^^^^^^^^^^^^^^^^^^^^^^^
AttributeError: type object 'TokenBackend' has no attribute 'ValidationError'

During handling of the above exception, another exception occurred:

Traceback (most recent call last):
  File "D:\Projects\tail_watch_backend\venv\Lib\site-packages\rest_framework\views.py", line 497, in dispatch
    self.initial(request, *args, **kwargs)
  File "D:\Projects\tail_watch_backend\venv\Lib\site-packages\rest_framework\views.py", line 414, in initial
    self.perform_authentication(request)
  File "D:\Projects\tail_watch_backend\venv\Lib\site-packages\rest_framework\views.py", line 324, in perform_authentication
    request.user
  File "D:\Projects\tail_watch_backend\venv\Lib\site-packages\rest_framework\request.py", line 230, in user
    with wrap_attributeerrors():
  File "C:\Program Files\WindowsApps\PythonSoftwareFoundation.Python.3.12_3.12.1264.0_x64__qbz5n2kfra8p0\Lib\contextlib.py", line 158, in __exit__
    self.gen.throw(value)
  File "D:\Projects\tail_watch_backend\venv\Lib\site-packages\rest_framework\request.py", line 78, in wrap_attributeerrors
    raise exc.with_traceback(info[2])
  File "D:\Projects\tail_watch_backend\venv\Lib\site-packages\rest_framework\request.py", line 74, in wrap_attributeerrors
    yield
  File "D:\Projects\tail_watch_backend\venv\Lib\site-packages\rest_framework\request.py", line 231, in user
    self._authenticate()
  File "D:\Projects\tail_watch_backend\venv\Lib\site-packages\rest_framework\request.py", line 384, in _authenticate
    user_auth_tuple = authenticator.authenticate(self)
                      ^^^^^^^^^^^^^^^^^^^^^^^^^^^^^^^^
  File "D:\Projects\tail_watch_backend\tail_watch\jwt_authentication.py", line 18, in authenticate
    except (TokenBackend.ValidationError, CustomUser.DoesNotExist):
            ^^^^^^^^^^^^^^^^^^^^^^^^^^^^
rest_framework.request.WrappedAttributeError: type object 'TokenBackend' has no attribute 'ValidationError'

During handling of the above exception, another exception occurred:

Traceback (most recent call last):
  File "D:\Projects\tail_watch_backend\tail_watch\jwt_authentication.py", line 14, in authenticate
    verified_payload, _ = TokenBackend().decode(token)
                          ^^^^^^^^^^^^^^
TypeError: TokenBackend.__init__() missing 1 required positional argument: 'algorithm'

During handling of the above exception, another exception occurred:

Traceback (most recent call last):
  File "D:\Projects\tail_watch_backend\venv\Lib\site-packages\rest_framework\request.py", line 74, in wrap_attributeerrors
    yield
  File "D:\Projects\tail_watch_backend\venv\Lib\site-packages\rest_framework\request.py", line 231, in user
    self._authenticate()
  File "D:\Projects\tail_watch_backend\venv\Lib\site-packages\rest_framework\request.py", line 384, in _authenticate
    user_auth_tuple = authenticator.authenticate(self)
                      ^^^^^^^^^^^^^^^^^^^^^^^^^^^^^^^^
  File "D:\Projects\tail_watch_backend\tail_watch\jwt_authentication.py", line 18, in authenticate
    except (TokenBackend.ValidationError, CustomUser.DoesNotExist):
            ^^^^^^^^^^^^^^^^^^^^^^^^^^^^
AttributeError: type object 'TokenBackend' has no attribute 'ValidationError'

During handling of the above exception, another exception occurred:

Traceback (most recent call last):
  File "D:\Projects\tail_watch_backend\venv\Lib\site-packages\django\core\handlers\exception.py", line 55, in inner
    response = get_response(request)
               ^^^^^^^^^^^^^^^^^^^^^
  File "D:\Projects\tail_watch_backend\venv\Lib\site-packages\django\core\handlers\base.py", line 197, in _get_response
    response = wrapped_callback(request, *callback_args, **callback_kwargs)
               ^^^^^^^^^^^^^^^^^^^^^^^^^^^^^^^^^^^^^^^^^^^^^^^^^^^^^^^^^^^^
  File "C:\Program Files\WindowsApps\PythonSoftwareFoundation.Python.3.12_3.12.1264.0_x64__qbz5n2kfra8p0\Lib\contextlib.py", line 81, in inner
    return func(*args, **kwds)
           ^^^^^^^^^^^^^^^^^^^
  File "D:\Projects\tail_watch_backend\venv\Lib\site-packages\django\views\decorators\csrf.py", line 56, in wrapper_view
    return view_func(*args, **kwargs)
           ^^^^^^^^^^^^^^^^^^^^^^^^^^
  File "D:\Projects\tail_watch_backend\venv\Lib\site-packages\django\views\generic\base.py", line 104, in view
    return self.dispatch(request, *args, **kwargs)
           ^^^^^^^^^^^^^^^^^^^^^^^^^^^^^^^^^^^^^^^
  File "D:\Projects\tail_watch_backend\venv\Lib\site-packages\rest_framework\views.py", line 509, in dispatch
    response = self.handle_exception(exc)
               ^^^^^^^^^^^^^^^^^^^^^^^^^^
  File "D:\Projects\tail_watch_backend\shared\mixins.py", line 17, in handle_exception
    user = self.request.user if self.request.user.is_authenticated else "Anonymous"
                                ^^^^^^^^^^^^^^^^^
  File "D:\Projects\tail_watch_backend\venv\Lib\site-packages\rest_framework\request.py", line 230, in user
    with wrap_attributeerrors():
  File "C:\Program Files\WindowsApps\PythonSoftwareFoundation.Python.3.12_3.12.1264.0_x64__qbz5n2kfra8p0\Lib\contextlib.py", line 158, in __exit__
    self.gen.throw(value)
  File "D:\Projects\tail_watch_backend\venv\Lib\site-packages\rest_framework\request.py", line 78, in wrap_attributeerrors
    raise exc.with_traceback(info[2])
  File "D:\Projects\tail_watch_backend\venv\Lib\site-packages\rest_framework\request.py", line 74, in wrap_attributeerrors
    yield
  File "D:\Projects\tail_watch_backend\venv\Lib\site-packages\rest_framework\request.py", line 231, in user
    self._authenticate()
  File "D:\Projects\tail_watch_backend\venv\Lib\site-packages\rest_framework\request.py", line 384, in _authenticate
    user_auth_tuple = authenticator.authenticate(self)
                      ^^^^^^^^^^^^^^^^^^^^^^^^^^^^^^^^
  File "D:\Projects\tail_watch_backend\tail_watch\jwt_authentication.py", line 18, in authenticate
    except (TokenBackend.ValidationError, CustomUser.DoesNotExist):
            ^^^^^^^^^^^^^^^^^^^^^^^^^^^^
rest_framework.request.WrappedAttributeError: type object 'TokenBackend' has no attribute 'ValidationError'
ERROR 2024-07-05 17:37:13,937 basehttp "POST /api/tags/bulk/ HTTP/1.1" 500 197301
ERROR 2024-07-05 17:37:16,024 log Internal Server Error: /api/tags/
Traceback (most recent call last):
  File "D:\Projects\tail_watch_backend\tail_watch\jwt_authentication.py", line 14, in authenticate
    verified_payload, _ = TokenBackend().decode(token)
                          ^^^^^^^^^^^^^^
TypeError: TokenBackend.__init__() missing 1 required positional argument: 'algorithm'

During handling of the above exception, another exception occurred:

Traceback (most recent call last):
  File "D:\Projects\tail_watch_backend\venv\Lib\site-packages\rest_framework\request.py", line 74, in wrap_attributeerrors
    yield
  File "D:\Projects\tail_watch_backend\venv\Lib\site-packages\rest_framework\request.py", line 231, in user
    self._authenticate()
  File "D:\Projects\tail_watch_backend\venv\Lib\site-packages\rest_framework\request.py", line 384, in _authenticate
    user_auth_tuple = authenticator.authenticate(self)
                      ^^^^^^^^^^^^^^^^^^^^^^^^^^^^^^^^
  File "D:\Projects\tail_watch_backend\tail_watch\jwt_authentication.py", line 18, in authenticate
    except (TokenBackend.ValidationError, CustomUser.DoesNotExist):
            ^^^^^^^^^^^^^^^^^^^^^^^^^^^^
AttributeError: type object 'TokenBackend' has no attribute 'ValidationError'

During handling of the above exception, another exception occurred:

Traceback (most recent call last):
  File "D:\Projects\tail_watch_backend\venv\Lib\site-packages\rest_framework\views.py", line 497, in dispatch
    self.initial(request, *args, **kwargs)
  File "D:\Projects\tail_watch_backend\venv\Lib\site-packages\rest_framework\views.py", line 414, in initial
    self.perform_authentication(request)
  File "D:\Projects\tail_watch_backend\venv\Lib\site-packages\rest_framework\views.py", line 324, in perform_authentication
    request.user
  File "D:\Projects\tail_watch_backend\venv\Lib\site-packages\rest_framework\request.py", line 230, in user
    with wrap_attributeerrors():
  File "C:\Program Files\WindowsApps\PythonSoftwareFoundation.Python.3.12_3.12.1264.0_x64__qbz5n2kfra8p0\Lib\contextlib.py", line 158, in __exit__
    self.gen.throw(value)
  File "D:\Projects\tail_watch_backend\venv\Lib\site-packages\rest_framework\request.py", line 78, in wrap_attributeerrors
    raise exc.with_traceback(info[2])
  File "D:\Projects\tail_watch_backend\venv\Lib\site-packages\rest_framework\request.py", line 74, in wrap_attributeerrors
    yield
  File "D:\Projects\tail_watch_backend\venv\Lib\site-packages\rest_framework\request.py", line 231, in user
    self._authenticate()
  File "D:\Projects\tail_watch_backend\venv\Lib\site-packages\rest_framework\request.py", line 384, in _authenticate
    user_auth_tuple = authenticator.authenticate(self)
                      ^^^^^^^^^^^^^^^^^^^^^^^^^^^^^^^^
  File "D:\Projects\tail_watch_backend\tail_watch\jwt_authentication.py", line 18, in authenticate
    except (TokenBackend.ValidationError, CustomUser.DoesNotExist):
            ^^^^^^^^^^^^^^^^^^^^^^^^^^^^
rest_framework.request.WrappedAttributeError: type object 'TokenBackend' has no attribute 'ValidationError'

During handling of the above exception, another exception occurred:

Traceback (most recent call last):
  File "D:\Projects\tail_watch_backend\tail_watch\jwt_authentication.py", line 14, in authenticate
    verified_payload, _ = TokenBackend().decode(token)
                          ^^^^^^^^^^^^^^
TypeError: TokenBackend.__init__() missing 1 required positional argument: 'algorithm'

During handling of the above exception, another exception occurred:

Traceback (most recent call last):
  File "D:\Projects\tail_watch_backend\venv\Lib\site-packages\rest_framework\request.py", line 74, in wrap_attributeerrors
    yield
  File "D:\Projects\tail_watch_backend\venv\Lib\site-packages\rest_framework\request.py", line 231, in user
    self._authenticate()
  File "D:\Projects\tail_watch_backend\venv\Lib\site-packages\rest_framework\request.py", line 384, in _authenticate
    user_auth_tuple = authenticator.authenticate(self)
                      ^^^^^^^^^^^^^^^^^^^^^^^^^^^^^^^^
  File "D:\Projects\tail_watch_backend\tail_watch\jwt_authentication.py", line 18, in authenticate
    except (TokenBackend.ValidationError, CustomUser.DoesNotExist):
            ^^^^^^^^^^^^^^^^^^^^^^^^^^^^
AttributeError: type object 'TokenBackend' has no attribute 'ValidationError'

During handling of the above exception, another exception occurred:

Traceback (most recent call last):
  File "D:\Projects\tail_watch_backend\venv\Lib\site-packages\django\core\handlers\exception.py", line 55, in inner
    response = get_response(request)
               ^^^^^^^^^^^^^^^^^^^^^
  File "D:\Projects\tail_watch_backend\venv\Lib\site-packages\django\core\handlers\base.py", line 197, in _get_response
    response = wrapped_callback(request, *callback_args, **callback_kwargs)
               ^^^^^^^^^^^^^^^^^^^^^^^^^^^^^^^^^^^^^^^^^^^^^^^^^^^^^^^^^^^^
  File "C:\Program Files\WindowsApps\PythonSoftwareFoundation.Python.3.12_3.12.1264.0_x64__qbz5n2kfra8p0\Lib\contextlib.py", line 81, in inner
    return func(*args, **kwds)
           ^^^^^^^^^^^^^^^^^^^
  File "D:\Projects\tail_watch_backend\venv\Lib\site-packages\django\views\decorators\csrf.py", line 56, in wrapper_view
    return view_func(*args, **kwargs)
           ^^^^^^^^^^^^^^^^^^^^^^^^^^
  File "D:\Projects\tail_watch_backend\venv\Lib\site-packages\django\views\generic\base.py", line 104, in view
    return self.dispatch(request, *args, **kwargs)
           ^^^^^^^^^^^^^^^^^^^^^^^^^^^^^^^^^^^^^^^
  File "D:\Projects\tail_watch_backend\venv\Lib\site-packages\rest_framework\views.py", line 509, in dispatch
    response = self.handle_exception(exc)
               ^^^^^^^^^^^^^^^^^^^^^^^^^^
  File "D:\Projects\tail_watch_backend\shared\mixins.py", line 17, in handle_exception
    user = self.request.user if self.request.user.is_authenticated else "Anonymous"
                                ^^^^^^^^^^^^^^^^^
  File "D:\Projects\tail_watch_backend\venv\Lib\site-packages\rest_framework\request.py", line 230, in user
    with wrap_attributeerrors():
  File "C:\Program Files\WindowsApps\PythonSoftwareFoundation.Python.3.12_3.12.1264.0_x64__qbz5n2kfra8p0\Lib\contextlib.py", line 158, in __exit__
    self.gen.throw(value)
  File "D:\Projects\tail_watch_backend\venv\Lib\site-packages\rest_framework\request.py", line 78, in wrap_attributeerrors
    raise exc.with_traceback(info[2])
  File "D:\Projects\tail_watch_backend\venv\Lib\site-packages\rest_framework\request.py", line 74, in wrap_attributeerrors
    yield
  File "D:\Projects\tail_watch_backend\venv\Lib\site-packages\rest_framework\request.py", line 231, in user
    self._authenticate()
  File "D:\Projects\tail_watch_backend\venv\Lib\site-packages\rest_framework\request.py", line 384, in _authenticate
    user_auth_tuple = authenticator.authenticate(self)
                      ^^^^^^^^^^^^^^^^^^^^^^^^^^^^^^^^
  File "D:\Projects\tail_watch_backend\tail_watch\jwt_authentication.py", line 18, in authenticate
    except (TokenBackend.ValidationError, CustomUser.DoesNotExist):
            ^^^^^^^^^^^^^^^^^^^^^^^^^^^^
rest_framework.request.WrappedAttributeError: type object 'TokenBackend' has no attribute 'ValidationError'
ERROR 2024-07-05 17:37:16,027 basehttp "GET /api/tags/ HTTP/1.1" 500 197128
WARNING 2024-07-05 17:37:18,079 log Not Found: /api/auth/users/
WARNING 2024-07-05 17:37:18,079 basehttp "GET /api/auth/users/ HTTP/1.1" 404 3645
WARNING 2024-07-05 17:37:20,105 log Not Found: /api/auth/users/
WARNING 2024-07-05 17:37:20,105 basehttp "GET /api/auth/users/?search=test HTTP/1.1" 404 3657
WARNING 2024-07-05 17:37:22,140 log Not Found: /api/auth/update/
WARNING 2024-07-05 17:37:22,140 basehttp "PATCH /api/auth/update/ HTTP/1.1" 404 3650
INFO 2024-07-05 17:37:58,465 autoreload D:\Projects\tail_watch_backend\tail_watch\jwt_authentication.py changed, reloading.
INFO 2024-07-05 17:37:59,341 autoreload Watching for file changes with StatReloader
INFO 2024-07-05 17:38:02,708 autoreload D:\Projects\tail_watch_backend\tail_watch\jwt_authentication.py changed, reloading.
INFO 2024-07-05 17:38:03,579 autoreload Watching for file changes with StatReloader
INFO 2024-07-05 17:38:13,242 autoreload D:\Projects\tail_watch_backend\tail_watch\jwt_authentication.py changed, reloading.
INFO 2024-07-05 17:38:14,205 autoreload Watching for file changes with StatReloader
INFO 2024-07-05 17:38:16,624 autoreload D:\Projects\tail_watch_backend\tail_watch\jwt_authentication.py changed, reloading.
INFO 2024-07-05 17:38:17,500 autoreload Watching for file changes with StatReloader
INFO 2024-07-05 17:42:41,704 autoreload Watching for file changes with StatReloader
INFO 2024-07-05 17:42:47,352 mixins User: Anonymous | Method: POST | Path: /api/auth/login/ | Status: 200 | IP: 127.0.0.1
INFO 2024-07-05 17:42:47,353 basehttp "POST /api/auth/login/ HTTP/1.1" 200 736
ERROR 2024-07-05 17:42:49,438 log Internal Server Error: /api/tags/
Traceback (most recent call last):
  File "D:\Projects\tail_watch_backend\venv\Lib\site-packages\rest_framework\views.py", line 497, in dispatch
    self.initial(request, *args, **kwargs)
  File "D:\Projects\tail_watch_backend\venv\Lib\site-packages\rest_framework\views.py", line 414, in initial
    self.perform_authentication(request)
  File "D:\Projects\tail_watch_backend\venv\Lib\site-packages\rest_framework\views.py", line 324, in perform_authentication
    request.user
  File "D:\Projects\tail_watch_backend\venv\Lib\site-packages\rest_framework\request.py", line 231, in user
    self._authenticate()
  File "D:\Projects\tail_watch_backend\venv\Lib\site-packages\rest_framework\request.py", line 384, in _authenticate
    user_auth_tuple = authenticator.authenticate(self)
                      ^^^^^^^^^^^^^^^^^^^^^^^^^^^^^^^^
  File "D:\Projects\tail_watch_backend\tail_watch\jwt_authentication.py", line 15, in authenticate
    verified_payload, _ = TokenBackend().decode(token)
                          ^^^^^^^^^^^^^^
TypeError: TokenBackend.__init__() missing 1 required positional argument: 'algorithm'

During handling of the above exception, another exception occurred:

Traceback (most recent call last):
  File "D:\Projects\tail_watch_backend\venv\Lib\site-packages\django\core\handlers\exception.py", line 55, in inner
    response = get_response(request)
               ^^^^^^^^^^^^^^^^^^^^^
  File "D:\Projects\tail_watch_backend\venv\Lib\site-packages\django\core\handlers\base.py", line 197, in _get_response
    response = wrapped_callback(request, *callback_args, **callback_kwargs)
               ^^^^^^^^^^^^^^^^^^^^^^^^^^^^^^^^^^^^^^^^^^^^^^^^^^^^^^^^^^^^
  File "C:\Program Files\WindowsApps\PythonSoftwareFoundation.Python.3.12_3.12.1264.0_x64__qbz5n2kfra8p0\Lib\contextlib.py", line 81, in inner
    return func(*args, **kwds)
           ^^^^^^^^^^^^^^^^^^^
  File "D:\Projects\tail_watch_backend\venv\Lib\site-packages\django\views\decorators\csrf.py", line 56, in wrapper_view
    return view_func(*args, **kwargs)
           ^^^^^^^^^^^^^^^^^^^^^^^^^^
  File "D:\Projects\tail_watch_backend\venv\Lib\site-packages\django\views\generic\base.py", line 104, in view
    return self.dispatch(request, *args, **kwargs)
           ^^^^^^^^^^^^^^^^^^^^^^^^^^^^^^^^^^^^^^^
  File "D:\Projects\tail_watch_backend\venv\Lib\site-packages\rest_framework\views.py", line 509, in dispatch
    response = self.handle_exception(exc)
               ^^^^^^^^^^^^^^^^^^^^^^^^^^
  File "D:\Projects\tail_watch_backend\shared\mixins.py", line 17, in handle_exception
    user = self.request.user if self.request.user.is_authenticated else "Anonymous"
                                ^^^^^^^^^^^^^^^^^
  File "D:\Projects\tail_watch_backend\venv\Lib\site-packages\rest_framework\request.py", line 231, in user
    self._authenticate()
  File "D:\Projects\tail_watch_backend\venv\Lib\site-packages\rest_framework\request.py", line 384, in _authenticate
    user_auth_tuple = authenticator.authenticate(self)
                      ^^^^^^^^^^^^^^^^^^^^^^^^^^^^^^^^
  File "D:\Projects\tail_watch_backend\tail_watch\jwt_authentication.py", line 15, in authenticate
    verified_payload, _ = TokenBackend().decode(token)
                          ^^^^^^^^^^^^^^
TypeError: TokenBackend.__init__() missing 1 required positional argument: 'algorithm'
ERROR 2024-07-05 17:42:49,440 basehttp "POST /api/tags/ HTTP/1.1" 500 124733
ERROR 2024-07-05 17:42:51,522 log Internal Server Error: /api/tags/bulk/
Traceback (most recent call last):
  File "D:\Projects\tail_watch_backend\venv\Lib\site-packages\rest_framework\views.py", line 497, in dispatch
    self.initial(request, *args, **kwargs)
  File "D:\Projects\tail_watch_backend\venv\Lib\site-packages\rest_framework\views.py", line 414, in initial
    self.perform_authentication(request)
  File "D:\Projects\tail_watch_backend\venv\Lib\site-packages\rest_framework\views.py", line 324, in perform_authentication
    request.user
  File "D:\Projects\tail_watch_backend\venv\Lib\site-packages\rest_framework\request.py", line 231, in user
    self._authenticate()
  File "D:\Projects\tail_watch_backend\venv\Lib\site-packages\rest_framework\request.py", line 384, in _authenticate
    user_auth_tuple = authenticator.authenticate(self)
                      ^^^^^^^^^^^^^^^^^^^^^^^^^^^^^^^^
  File "D:\Projects\tail_watch_backend\tail_watch\jwt_authentication.py", line 15, in authenticate
    verified_payload, _ = TokenBackend().decode(token)
                          ^^^^^^^^^^^^^^
TypeError: TokenBackend.__init__() missing 1 required positional argument: 'algorithm'

During handling of the above exception, another exception occurred:

Traceback (most recent call last):
  File "D:\Projects\tail_watch_backend\venv\Lib\site-packages\django\core\handlers\exception.py", line 55, in inner
    response = get_response(request)
               ^^^^^^^^^^^^^^^^^^^^^
  File "D:\Projects\tail_watch_backend\venv\Lib\site-packages\django\core\handlers\base.py", line 197, in _get_response
    response = wrapped_callback(request, *callback_args, **callback_kwargs)
               ^^^^^^^^^^^^^^^^^^^^^^^^^^^^^^^^^^^^^^^^^^^^^^^^^^^^^^^^^^^^
  File "C:\Program Files\WindowsApps\PythonSoftwareFoundation.Python.3.12_3.12.1264.0_x64__qbz5n2kfra8p0\Lib\contextlib.py", line 81, in inner
    return func(*args, **kwds)
           ^^^^^^^^^^^^^^^^^^^
  File "D:\Projects\tail_watch_backend\venv\Lib\site-packages\django\views\decorators\csrf.py", line 56, in wrapper_view
    return view_func(*args, **kwargs)
           ^^^^^^^^^^^^^^^^^^^^^^^^^^
  File "D:\Projects\tail_watch_backend\venv\Lib\site-packages\django\views\generic\base.py", line 104, in view
    return self.dispatch(request, *args, **kwargs)
           ^^^^^^^^^^^^^^^^^^^^^^^^^^^^^^^^^^^^^^^
  File "D:\Projects\tail_watch_backend\venv\Lib\site-packages\rest_framework\views.py", line 509, in dispatch
    response = self.handle_exception(exc)
               ^^^^^^^^^^^^^^^^^^^^^^^^^^
  File "D:\Projects\tail_watch_backend\shared\mixins.py", line 17, in handle_exception
    user = self.request.user if self.request.user.is_authenticated else "Anonymous"
                                ^^^^^^^^^^^^^^^^^
  File "D:\Projects\tail_watch_backend\venv\Lib\site-packages\rest_framework\request.py", line 231, in user
    self._authenticate()
  File "D:\Projects\tail_watch_backend\venv\Lib\site-packages\rest_framework\request.py", line 384, in _authenticate
    user_auth_tuple = authenticator.authenticate(self)
                      ^^^^^^^^^^^^^^^^^^^^^^^^^^^^^^^^
  File "D:\Projects\tail_watch_backend\tail_watch\jwt_authentication.py", line 15, in authenticate
    verified_payload, _ = TokenBackend().decode(token)
                          ^^^^^^^^^^^^^^
TypeError: TokenBackend.__init__() missing 1 required positional argument: 'algorithm'
ERROR 2024-07-05 17:42:51,523 basehttp "POST /api/tags/bulk/ HTTP/1.1" 500 124819
ERROR 2024-07-05 17:42:53,611 log Internal Server Error: /api/tags/
Traceback (most recent call last):
  File "D:\Projects\tail_watch_backend\venv\Lib\site-packages\rest_framework\views.py", line 497, in dispatch
    self.initial(request, *args, **kwargs)
  File "D:\Projects\tail_watch_backend\venv\Lib\site-packages\rest_framework\views.py", line 414, in initial
    self.perform_authentication(request)
  File "D:\Projects\tail_watch_backend\venv\Lib\site-packages\rest_framework\views.py", line 324, in perform_authentication
    request.user
  File "D:\Projects\tail_watch_backend\venv\Lib\site-packages\rest_framework\request.py", line 231, in user
    self._authenticate()
  File "D:\Projects\tail_watch_backend\venv\Lib\site-packages\rest_framework\request.py", line 384, in _authenticate
    user_auth_tuple = authenticator.authenticate(self)
                      ^^^^^^^^^^^^^^^^^^^^^^^^^^^^^^^^
  File "D:\Projects\tail_watch_backend\tail_watch\jwt_authentication.py", line 15, in authenticate
    verified_payload, _ = TokenBackend().decode(token)
                          ^^^^^^^^^^^^^^
TypeError: TokenBackend.__init__() missing 1 required positional argument: 'algorithm'

During handling of the above exception, another exception occurred:

Traceback (most recent call last):
  File "D:\Projects\tail_watch_backend\venv\Lib\site-packages\django\core\handlers\exception.py", line 55, in inner
    response = get_response(request)
               ^^^^^^^^^^^^^^^^^^^^^
  File "D:\Projects\tail_watch_backend\venv\Lib\site-packages\django\core\handlers\base.py", line 197, in _get_response
    response = wrapped_callback(request, *callback_args, **callback_kwargs)
               ^^^^^^^^^^^^^^^^^^^^^^^^^^^^^^^^^^^^^^^^^^^^^^^^^^^^^^^^^^^^
  File "C:\Program Files\WindowsApps\PythonSoftwareFoundation.Python.3.12_3.12.1264.0_x64__qbz5n2kfra8p0\Lib\contextlib.py", line 81, in inner
    return func(*args, **kwds)
           ^^^^^^^^^^^^^^^^^^^
  File "D:\Projects\tail_watch_backend\venv\Lib\site-packages\django\views\decorators\csrf.py", line 56, in wrapper_view
    return view_func(*args, **kwargs)
           ^^^^^^^^^^^^^^^^^^^^^^^^^^
  File "D:\Projects\tail_watch_backend\venv\Lib\site-packages\django\views\generic\base.py", line 104, in view
    return self.dispatch(request, *args, **kwargs)
           ^^^^^^^^^^^^^^^^^^^^^^^^^^^^^^^^^^^^^^^
  File "D:\Projects\tail_watch_backend\venv\Lib\site-packages\rest_framework\views.py", line 509, in dispatch
    response = self.handle_exception(exc)
               ^^^^^^^^^^^^^^^^^^^^^^^^^^
  File "D:\Projects\tail_watch_backend\shared\mixins.py", line 17, in handle_exception
    user = self.request.user if self.request.user.is_authenticated else "Anonymous"
                                ^^^^^^^^^^^^^^^^^
  File "D:\Projects\tail_watch_backend\venv\Lib\site-packages\rest_framework\request.py", line 231, in user
    self._authenticate()
  File "D:\Projects\tail_watch_backend\venv\Lib\site-packages\rest_framework\request.py", line 384, in _authenticate
    user_auth_tuple = authenticator.authenticate(self)
                      ^^^^^^^^^^^^^^^^^^^^^^^^^^^^^^^^
  File "D:\Projects\tail_watch_backend\tail_watch\jwt_authentication.py", line 15, in authenticate
    verified_payload, _ = TokenBackend().decode(token)
                          ^^^^^^^^^^^^^^
TypeError: TokenBackend.__init__() missing 1 required positional argument: 'algorithm'
ERROR 2024-07-05 17:42:53,612 basehttp "GET /api/tags/ HTTP/1.1" 500 124706
WARNING 2024-07-05 17:42:55,649 log Not Found: /api/auth/users/
WARNING 2024-07-05 17:42:55,650 basehttp "GET /api/auth/users/ HTTP/1.1" 404 3645
WARNING 2024-07-05 17:42:57,703 log Not Found: /api/auth/users/
WARNING 2024-07-05 17:42:57,703 basehttp "GET /api/auth/users/?search=test HTTP/1.1" 404 3657
WARNING 2024-07-05 17:42:59,725 log Not Found: /api/auth/update/
WARNING 2024-07-05 17:42:59,726 basehttp "PATCH /api/auth/update/ HTTP/1.1" 404 3650
INFO 2024-07-05 17:44:22,486 autoreload D:\Projects\tail_watch_backend\tail_watch\jwt_authentication.py changed, reloading.
INFO 2024-07-05 17:44:23,360 autoreload Watching for file changes with StatReloader
INFO 2024-07-05 17:44:24,861 autoreload D:\Projects\tail_watch_backend\tail_watch\jwt_authentication.py changed, reloading.
INFO 2024-07-05 17:44:25,733 autoreload Watching for file changes with StatReloader
INFO 2024-07-05 17:44:28,318 autoreload D:\Projects\tail_watch_backend\tail_watch\jwt_authentication.py changed, reloading.
INFO 2024-07-05 17:44:29,184 autoreload Watching for file changes with StatReloader
INFO 2024-07-05 17:44:30,452 autoreload D:\Projects\tail_watch_backend\tail_watch\jwt_authentication.py changed, reloading.
INFO 2024-07-05 17:44:31,306 autoreload Watching for file changes with StatReloader
INFO 2024-07-05 17:44:47,563 autoreload D:\Projects\tail_watch_backend\tail_watch\jwt_authentication.py changed, reloading.
INFO 2024-07-05 17:44:48,434 autoreload Watching for file changes with StatReloader
INFO 2024-07-05 17:44:50,749 autoreload D:\Projects\tail_watch_backend\tail_watch\jwt_authentication.py changed, reloading.
INFO 2024-07-05 17:44:51,587 autoreload Watching for file changes with StatReloader
INFO 2024-07-05 17:44:57,033 autoreload D:\Projects\tail_watch_backend\tail_watch\jwt_authentication.py changed, reloading.
INFO 2024-07-05 17:44:57,949 autoreload Watching for file changes with StatReloader
INFO 2024-07-05 17:45:01,311 autoreload D:\Projects\tail_watch_backend\tail_watch\jwt_authentication.py changed, reloading.
INFO 2024-07-05 17:45:02,172 autoreload Watching for file changes with StatReloader
INFO 2024-07-05 17:45:07,642 autoreload D:\Projects\tail_watch_backend\tail_watch\jwt_authentication.py changed, reloading.
INFO 2024-07-05 17:45:08,493 autoreload Watching for file changes with StatReloader
INFO 2024-07-05 17:45:16,333 autoreload D:\Projects\tail_watch_backend\tail_watch\jwt_authentication.py changed, reloading.
INFO 2024-07-05 17:45:17,252 autoreload Watching for file changes with StatReloader
INFO 2024-07-05 17:45:26,143 autoreload D:\Projects\tail_watch_backend\tail_watch\jwt_authentication.py changed, reloading.
INFO 2024-07-05 17:45:27,005 autoreload Watching for file changes with StatReloader
INFO 2024-07-05 17:45:30,382 autoreload D:\Projects\tail_watch_backend\tail_watch\jwt_authentication.py changed, reloading.
INFO 2024-07-05 17:45:31,232 autoreload Watching for file changes with StatReloader
INFO 2024-07-05 17:45:33,787 autoreload D:\Projects\tail_watch_backend\tail_watch\jwt_authentication.py changed, reloading.
INFO 2024-07-05 17:45:34,668 autoreload Watching for file changes with StatReloader
INFO 2024-07-05 17:45:40,394 autoreload D:\Projects\tail_watch_backend\tail_watch\jwt_authentication.py changed, reloading.
INFO 2024-07-05 17:45:41,260 autoreload Watching for file changes with StatReloader
INFO 2024-07-05 17:45:56,425 autoreload D:\Projects\tail_watch_backend\tail_watch\jwt_authentication.py changed, reloading.
INFO 2024-07-05 17:45:57,300 autoreload Watching for file changes with StatReloader
INFO 2024-07-05 17:45:58,803 autoreload D:\Projects\tail_watch_backend\tail_watch\jwt_authentication.py changed, reloading.
INFO 2024-07-05 17:45:59,687 autoreload Watching for file changes with StatReloader
INFO 2024-07-05 17:46:07,513 autoreload D:\Projects\tail_watch_backend\tail_watch\jwt_authentication.py changed, reloading.
INFO 2024-07-05 17:46:08,393 autoreload Watching for file changes with StatReloader
INFO 2024-07-05 17:46:14,158 autoreload D:\Projects\tail_watch_backend\tail_watch\jwt_authentication.py changed, reloading.
INFO 2024-07-05 17:46:15,029 autoreload Watching for file changes with StatReloader
INFO 2024-07-05 17:46:28,120 autoreload D:\Projects\tail_watch_backend\tail_watch\jwt_authentication.py changed, reloading.
INFO 2024-07-05 17:46:29,012 autoreload Watching for file changes with StatReloader
INFO 2024-07-05 17:46:31,599 autoreload D:\Projects\tail_watch_backend\tail_watch\jwt_authentication.py changed, reloading.
INFO 2024-07-05 17:46:32,517 autoreload Watching for file changes with StatReloader
INFO 2024-07-05 17:46:34,847 autoreload D:\Projects\tail_watch_backend\tail_watch\jwt_authentication.py changed, reloading.
INFO 2024-07-05 17:46:35,707 autoreload Watching for file changes with StatReloader
INFO 2024-07-05 17:46:36,962 autoreload D:\Projects\tail_watch_backend\tail_watch\jwt_authentication.py changed, reloading.
INFO 2024-07-05 17:46:37,816 autoreload Watching for file changes with StatReloader
INFO 2024-07-05 17:53:02,048 autoreload D:\Projects\tail_watch_backend\tail_watch\settings.py changed, reloading.
INFO 2024-07-05 17:53:02,942 autoreload Watching for file changes with StatReloader
INFO 2024-07-05 17:53:10,743 mixins User: Anonymous | Method: POST | Path: /api/auth/login/ | Status: 200 | IP: 127.0.0.1
INFO 2024-07-05 17:53:10,744 basehttp "POST /api/auth/login/ HTTP/1.1" 200 736
INFO 2024-07-05 17:53:12,933 mixins User: test_user_1 | Method: POST | Path: /api/tags/ | Status: 201 | IP: 127.0.0.1
INFO 2024-07-05 17:53:12,934 basehttp "POST /api/tags/ HTTP/1.1" 201 174
INFO 2024-07-05 17:53:15,042 mixins User: test_user_1 | Method: POST | Path: /api/tags/bulk/ | Status: 201 | IP: 127.0.0.1
INFO 2024-07-05 17:53:15,044 basehttp "POST /api/tags/bulk/ HTTP/1.1" 201 355
INFO 2024-07-05 17:53:17,213 mixins User: test_user_1 | Method: GET | Path: /api/tags/ | Status: 200 | IP: 127.0.0.1
INFO 2024-07-05 17:53:17,214 basehttp "GET /api/tags/ HTTP/1.1" 200 1461
WARNING 2024-07-05 17:53:19,246 log Not Found: /api/auth/users/
WARNING 2024-07-05 17:53:19,246 basehttp "GET /api/auth/users/ HTTP/1.1" 404 3645
WARNING 2024-07-05 17:53:21,282 log Not Found: /api/auth/users/
WARNING 2024-07-05 17:53:21,283 basehttp "GET /api/auth/users/?search=test HTTP/1.1" 404 3657
WARNING 2024-07-05 17:53:23,312 log Not Found: /api/auth/update/
WARNING 2024-07-05 17:53:23,313 basehttp "PATCH /api/auth/update/ HTTP/1.1" 404 3650
INFO 2024-07-05 17:57:16,479 mixins User: Anonymous | Method: POST | Path: /api/auth/login/ | Status: 200 | IP: 127.0.0.1
INFO 2024-07-05 17:57:16,480 basehttp "POST /api/auth/login/ HTTP/1.1" 200 736
INFO 2024-07-05 17:57:18,569 mixins User: test_user_1 | Method: POST | Path: /api/tags/ | Status: 201 | IP: 127.0.0.1
INFO 2024-07-05 17:57:18,570 basehttp "POST /api/tags/ HTTP/1.1" 201 174
INFO 2024-07-05 17:57:20,670 mixins User: test_user_1 | Method: POST | Path: /api/tags/bulk/ | Status: 201 | IP: 127.0.0.1
INFO 2024-07-05 17:57:20,672 basehttp "POST /api/tags/bulk/ HTTP/1.1" 201 355
INFO 2024-07-05 17:57:22,725 mixins User: test_user_1 | Method: GET | Path: /api/tags/ | Status: 200 | IP: 127.0.0.1
INFO 2024-07-05 17:57:22,726 basehttp "GET /api/tags/ HTTP/1.1" 200 580
WARNING 2024-07-05 17:57:24,755 log Not Found: /api/auth/users/
WARNING 2024-07-05 17:57:24,755 basehttp "GET /api/auth/users/ HTTP/1.1" 404 3645
INFO 2024-07-05 17:58:18,997 mixins User: Anonymous | Method: POST | Path: /api/auth/login/ | Status: 200 | IP: 127.0.0.1
INFO 2024-07-05 17:58:18,998 basehttp "POST /api/auth/login/ HTTP/1.1" 200 736
INFO 2024-07-05 17:58:21,076 mixins User: test_user_1 | Method: POST | Path: /api/tags/ | Status: 201 | IP: 127.0.0.1
INFO 2024-07-05 17:58:21,077 basehttp "POST /api/tags/ HTTP/1.1" 201 174
INFO 2024-07-05 17:58:23,271 mixins User: test_user_1 | Method: POST | Path: /api/tags/bulk/ | Status: 201 | IP: 127.0.0.1
INFO 2024-07-05 17:58:23,272 basehttp "POST /api/tags/bulk/ HTTP/1.1" 201 355
INFO 2024-07-05 17:58:25,328 mixins User: test_user_1 | Method: GET | Path: /api/tags/ | Status: 200 | IP: 127.0.0.1
INFO 2024-07-05 17:58:25,329 basehttp "GET /api/tags/ HTTP/1.1" 200 580
INFO 2024-07-05 17:58:27,392 mixins User: test_user_1 | Method: GET | Path: /api/auth/me/ | Status: 200 | IP: 127.0.0.1
INFO 2024-07-05 17:58:27,393 basehttp "GET /api/auth/me/ HTTP/1.1" 200 341
WARNING 2024-07-05 17:58:29,419 log Not Found: /api/auth/update/
WARNING 2024-07-05 17:58:29,420 basehttp "PATCH /api/auth/update/ HTTP/1.1" 404 3650
INFO 2024-07-05 17:59:21,741 autoreload D:\Projects\tail_watch_backend\users\views.py changed, reloading.
INFO 2024-07-05 17:59:22,633 autoreload Watching for file changes with StatReloader
INFO 2024-07-05 17:59:26,266 autoreload D:\Projects\tail_watch_backend\users\views.py changed, reloading.
INFO 2024-07-05 17:59:27,131 autoreload Watching for file changes with StatReloader
INFO 2024-07-05 17:59:28,656 autoreload D:\Projects\tail_watch_backend\users\views.py changed, reloading.
INFO 2024-07-05 17:59:29,520 autoreload Watching for file changes with StatReloader
INFO 2024-07-05 17:59:33,128 autoreload D:\Projects\tail_watch_backend\users\views.py changed, reloading.
INFO 2024-07-05 17:59:33,978 autoreload Watching for file changes with StatReloader
INFO 2024-07-05 17:59:46,005 autoreload D:\Projects\tail_watch_backend\users\views.py changed, reloading.
INFO 2024-07-05 17:59:46,867 autoreload Watching for file changes with StatReloader
INFO 2024-07-05 17:59:51,557 autoreload D:\Projects\tail_watch_backend\users\views.py changed, reloading.
INFO 2024-07-05 17:59:52,417 autoreload Watching for file changes with StatReloader
INFO 2024-07-05 18:00:08,571 autoreload D:\Projects\tail_watch_backend\users\views.py changed, reloading.
INFO 2024-07-05 18:00:09,430 autoreload Watching for file changes with StatReloader
INFO 2024-07-05 18:00:16,170 autoreload D:\Projects\tail_watch_backend\users\views.py changed, reloading.
INFO 2024-07-05 18:00:17,025 autoreload Watching for file changes with StatReloader
INFO 2024-07-05 18:01:03,894 autoreload D:\Projects\tail_watch_backend\users\views.py changed, reloading.
INFO 2024-07-05 18:01:04,750 autoreload Watching for file changes with StatReloader
INFO 2024-07-05 18:01:17,587 autoreload D:\Projects\tail_watch_backend\users\urls.py changed, reloading.
INFO 2024-07-05 18:01:18,453 autoreload Watching for file changes with StatReloader
INFO 2024-07-05 18:01:23,961 autoreload D:\Projects\tail_watch_backend\users\urls.py changed, reloading.
INFO 2024-07-05 18:01:24,828 autoreload Watching for file changes with StatReloader
INFO 2024-07-05 18:01:43,356 mixins User: Anonymous | Method: POST | Path: /api/auth/login/ | Status: 200 | IP: 127.0.0.1
INFO 2024-07-05 18:01:43,357 basehttp "POST /api/auth/login/ HTTP/1.1" 200 736
INFO 2024-07-05 18:01:45,448 mixins User: test_user_1 | Method: POST | Path: /api/tags/ | Status: 201 | IP: 127.0.0.1
INFO 2024-07-05 18:01:45,449 basehttp "POST /api/tags/ HTTP/1.1" 201 174
INFO 2024-07-05 18:01:47,652 mixins User: test_user_1 | Method: POST | Path: /api/tags/bulk/ | Status: 201 | IP: 127.0.0.1
INFO 2024-07-05 18:01:47,653 basehttp "POST /api/tags/bulk/ HTTP/1.1" 201 355
INFO 2024-07-05 18:01:49,707 mixins User: test_user_1 | Method: GET | Path: /api/tags/ | Status: 200 | IP: 127.0.0.1
INFO 2024-07-05 18:01:49,707 basehttp "GET /api/tags/ HTTP/1.1" 200 580
INFO 2024-07-05 18:01:51,877 mixins User: test_user_1 | Method: GET | Path: /api/auth/me/ | Status: 500 | IP: 127.0.0.1
ERROR 2024-07-05 18:01:51,877 log Internal Server Error: /api/auth/me/
ERROR 2024-07-05 18:01:51,877 basehttp "GET /api/auth/me/ HTTP/1.1" 500 58
WARNING 2024-07-05 18:01:53,914 log Not Found: /api/auth/update/
WARNING 2024-07-05 18:01:53,914 basehttp "PATCH /api/auth/update/ HTTP/1.1" 404 3650
INFO 2024-07-05 18:02:40,799 autoreload D:\Projects\tail_watch_backend\users\views.py changed, reloading.
INFO 2024-07-05 18:02:41,677 autoreload Watching for file changes with StatReloader
INFO 2024-07-05 18:02:46,129 autoreload D:\Projects\tail_watch_backend\users\views.py changed, reloading.
INFO 2024-07-05 18:02:46,986 autoreload Watching for file changes with StatReloader
INFO 2024-07-05 18:02:55,631 autoreload D:\Projects\tail_watch_backend\users\views.py changed, reloading.
INFO 2024-07-05 18:02:56,515 autoreload Watching for file changes with StatReloader
INFO 2024-07-05 18:03:26,520 mixins User: Anonymous | Method: POST | Path: /api/auth/login/ | Status: 200 | IP: 127.0.0.1
INFO 2024-07-05 18:03:26,521 basehttp "POST /api/auth/login/ HTTP/1.1" 200 736
INFO 2024-07-05 18:03:28,606 mixins User: test_user_1 | Method: POST | Path: /api/tags/ | Status: 201 | IP: 127.0.0.1
INFO 2024-07-05 18:03:28,607 basehttp "POST /api/tags/ HTTP/1.1" 201 174
INFO 2024-07-05 18:03:30,718 mixins User: test_user_1 | Method: POST | Path: /api/tags/bulk/ | Status: 201 | IP: 127.0.0.1
INFO 2024-07-05 18:03:30,719 basehttp "POST /api/tags/bulk/ HTTP/1.1" 201 355
INFO 2024-07-05 18:03:32,785 mixins User: test_user_1 | Method: GET | Path: /api/tags/ | Status: 200 | IP: 127.0.0.1
INFO 2024-07-05 18:03:32,786 basehttp "GET /api/tags/ HTTP/1.1" 200 580
INFO 2024-07-05 18:03:34,856 mixins User: test_user_1 | Method: GET | Path: /api/auth/me/ | Status: 200 | IP: 127.0.0.1
INFO 2024-07-05 18:03:34,856 basehttp "GET /api/auth/me/ HTTP/1.1" 200 198
WARNING 2024-07-05 18:03:36,892 log Not Found: /api/auth/update/
WARNING 2024-07-05 18:03:36,892 basehttp "PATCH /api/auth/update/ HTTP/1.1" 404 3650
INFO 2024-07-05 18:04:25,990 autoreload D:\Projects\tail_watch_backend\users\views.py changed, reloading.
INFO 2024-07-05 18:04:26,869 autoreload Watching for file changes with StatReloader
INFO 2024-07-05 18:04:28,369 autoreload D:\Projects\tail_watch_backend\users\views.py changed, reloading.
INFO 2024-07-05 18:04:29,313 autoreload Watching for file changes with StatReloader
INFO 2024-07-05 18:04:32,913 autoreload D:\Projects\tail_watch_backend\users\views.py changed, reloading.
INFO 2024-07-05 18:04:33,775 autoreload Watching for file changes with StatReloader
INFO 2024-07-05 18:04:35,285 autoreload D:\Projects\tail_watch_backend\users\views.py changed, reloading.
INFO 2024-07-05 18:04:36,164 autoreload Watching for file changes with StatReloader
INFO 2024-07-05 18:04:42,945 autoreload D:\Projects\tail_watch_backend\users\urls.py changed, reloading.
INFO 2024-07-05 18:04:43,821 autoreload Watching for file changes with StatReloader
INFO 2024-07-05 18:05:01,371 mixins User: Anonymous | Method: POST | Path: /api/auth/login/ | Status: 200 | IP: 127.0.0.1
INFO 2024-07-05 18:05:01,372 basehttp "POST /api/auth/login/ HTTP/1.1" 200 736
INFO 2024-07-05 18:05:03,473 mixins User: test_user_1 | Method: POST | Path: /api/tags/ | Status: 201 | IP: 127.0.0.1
INFO 2024-07-05 18:05:03,474 basehttp "POST /api/tags/ HTTP/1.1" 201 174
INFO 2024-07-05 18:05:05,567 mixins User: test_user_1 | Method: POST | Path: /api/tags/bulk/ | Status: 201 | IP: 127.0.0.1
INFO 2024-07-05 18:05:05,569 basehttp "POST /api/tags/bulk/ HTTP/1.1" 201 355
INFO 2024-07-05 18:05:07,637 mixins User: test_user_1 | Method: GET | Path: /api/tags/ | Status: 200 | IP: 127.0.0.1
INFO 2024-07-05 18:05:07,638 basehttp "GET /api/tags/ HTTP/1.1" 200 580
INFO 2024-07-05 18:05:09,690 mixins User: test_user_1 | Method: GET | Path: /api/auth/me/ | Status: 200 | IP: 127.0.0.1
INFO 2024-07-05 18:05:09,691 basehttp "GET /api/auth/me/ HTTP/1.1" 200 198
INFO 2024-07-05 18:05:11,747 mixins User: test_user_1 | Method: PATCH | Path: /api/auth/update/ | Status: 500 | IP: 127.0.0.1
ERROR 2024-07-05 18:05:11,747 log Internal Server Error: /api/auth/update/
ERROR 2024-07-05 18:05:11,747 basehttp "PATCH /api/auth/update/ HTTP/1.1" 500 58
INFO 2024-07-05 18:05:47,155 autoreload D:\Projects\tail_watch_backend\users\views.py changed, reloading.
INFO 2024-07-05 18:05:48,023 autoreload Watching for file changes with StatReloader
INFO 2024-07-05 18:05:51,631 autoreload D:\Projects\tail_watch_backend\users\views.py changed, reloading.
INFO 2024-07-05 18:05:52,488 autoreload Watching for file changes with StatReloader
INFO 2024-07-05 18:06:11,097 mixins User: Anonymous | Method: POST | Path: /api/auth/login/ | Status: 200 | IP: 127.0.0.1
INFO 2024-07-05 18:06:11,098 basehttp "POST /api/auth/login/ HTTP/1.1" 200 736
INFO 2024-07-05 18:06:13,168 mixins User: test_user_1 | Method: PATCH | Path: /api/auth/update/ | Status: 500 | IP: 127.0.0.1
ERROR 2024-07-05 18:06:13,168 log Internal Server Error: /api/auth/update/
ERROR 2024-07-05 18:06:13,169 basehttp "PATCH /api/auth/update/ HTTP/1.1" 500 58
INFO 2024-07-05 18:06:37,682 autoreload D:\Projects\tail_watch_backend\users\views.py changed, reloading.
INFO 2024-07-05 18:06:38,565 autoreload Watching for file changes with StatReloader
INFO 2024-07-05 18:06:40,086 autoreload D:\Projects\tail_watch_backend\users\views.py changed, reloading.
INFO 2024-07-05 18:06:40,953 autoreload Watching for file changes with StatReloader
INFO 2024-07-05 18:06:47,122 mixins User: Anonymous | Method: POST | Path: /api/auth/login/ | Status: 200 | IP: 127.0.0.1
INFO 2024-07-05 18:06:47,123 basehttp "POST /api/auth/login/ HTTP/1.1" 200 736
INFO 2024-07-05 18:06:49,202 mixins User: test_user_1 | Method: PATCH | Path: /api/auth/update/ | Status: 500 | IP: 127.0.0.1
ERROR 2024-07-05 18:06:49,203 log Internal Server Error: /api/auth/update/
ERROR 2024-07-05 18:06:49,203 basehttp "PATCH /api/auth/update/ HTTP/1.1" 500 58
INFO 2024-07-05 18:07:37,868 autoreload D:\Projects\tail_watch_backend\users\views.py changed, reloading.
INFO 2024-07-05 18:07:38,736 autoreload Watching for file changes with StatReloader
INFO 2024-07-05 18:07:49,740 autoreload D:\Projects\tail_watch_backend\users\mixins.py changed, reloading.
INFO 2024-07-05 18:07:50,669 autoreload Watching for file changes with StatReloader
INFO 2024-07-05 18:07:53,273 autoreload D:\Projects\tail_watch_backend\users\mixins.py changed, reloading.
INFO 2024-07-05 18:07:54,114 autoreload Watching for file changes with StatReloader
INFO 2024-07-05 18:07:57,725 autoreload D:\Projects\tail_watch_backend\users\mixins.py changed, reloading.
INFO 2024-07-05 18:07:58,577 autoreload Watching for file changes with StatReloader
INFO 2024-07-05 18:08:11,678 autoreload D:\Projects\tail_watch_backend\users\mixins.py changed, reloading.
INFO 2024-07-05 18:08:12,554 autoreload Watching for file changes with StatReloader
INFO 2024-07-05 18:08:19,357 autoreload D:\Projects\tail_watch_backend\users\views.py changed, reloading.
INFO 2024-07-05 18:08:20,244 autoreload Watching for file changes with StatReloader
INFO 2024-07-05 18:08:21,721 autoreload D:\Projects\tail_watch_backend\users\views.py changed, reloading.
INFO 2024-07-05 18:08:22,580 autoreload Watching for file changes with StatReloader
INFO 2024-07-05 18:08:27,056 autoreload D:\Projects\tail_watch_backend\users\views.py changed, reloading.
INFO 2024-07-05 18:08:27,900 autoreload Watching for file changes with StatReloader
INFO 2024-07-05 18:08:30,412 autoreload D:\Projects\tail_watch_backend\users\views.py changed, reloading.
INFO 2024-07-05 18:08:31,258 autoreload Watching for file changes with StatReloader
INFO 2024-07-05 18:08:38,867 autoreload D:\Projects\tail_watch_backend\users\views.py changed, reloading.
INFO 2024-07-05 18:08:39,772 autoreload Watching for file changes with StatReloader
INFO 2024-07-05 18:08:42,340 autoreload D:\Projects\tail_watch_backend\users\mixins.py changed, reloading.
INFO 2024-07-05 18:08:43,192 autoreload Watching for file changes with StatReloader
INFO 2024-07-05 18:08:48,908 autoreload D:\Projects\tail_watch_backend\users\mixins.py changed, reloading.
INFO 2024-07-05 18:08:49,763 autoreload Watching for file changes with StatReloader
INFO 2024-07-05 18:08:52,334 autoreload D:\Projects\tail_watch_backend\users\mixins.py changed, reloading.
INFO 2024-07-05 18:08:53,193 autoreload Watching for file changes with StatReloader
INFO 2024-07-05 18:08:54,475 autoreload D:\Projects\tail_watch_backend\users\mixins.py changed, reloading.
INFO 2024-07-05 18:08:55,334 autoreload Watching for file changes with StatReloader
INFO 2024-07-05 18:09:09,469 autoreload D:\Projects\tail_watch_backend\users\views.py changed, reloading.
INFO 2024-07-05 18:09:10,338 autoreload Watching for file changes with StatReloader
INFO 2024-07-05 18:09:13,741 autoreload D:\Projects\tail_watch_backend\users\views.py changed, reloading.
INFO 2024-07-05 18:09:14,584 autoreload Watching for file changes with StatReloader
INFO 2024-07-05 18:09:20,837 mixins User: Anonymous | Method: POST | Path: /api/auth/login/ | Status: 200 | IP: 127.0.0.1
INFO 2024-07-05 18:09:20,838 basehttp "POST /api/auth/login/ HTTP/1.1" 200 736
INFO 2024-07-05 18:09:23,320 mixins User: test_user_1 | Method: PATCH | Path: /api/auth/update/ | Status: 200 | IP: 127.0.0.1
INFO 2024-07-05 18:09:23,321 basehttp "PATCH /api/auth/update/ HTTP/1.1" 200 52
INFO 2024-07-05 18:10:37,321 autoreload D:\Projects\tail_watch_backend\tags\mixins.py changed, reloading.
INFO 2024-07-05 18:10:38,188 autoreload Watching for file changes with StatReloader
INFO 2024-07-05 18:10:45,051 autoreload D:\Projects\tail_watch_backend\tags\mixins.py changed, reloading.
INFO 2024-07-05 18:10:45,902 autoreload Watching for file changes with StatReloader
INFO 2024-07-05 18:11:35,770 autoreload D:\Projects\tail_watch_backend\tags\mixins.py changed, reloading.
INFO 2024-07-05 18:11:36,625 autoreload Watching for file changes with StatReloader
INFO 2024-07-05 18:11:42,347 autoreload D:\Projects\tail_watch_backend\tags\mixins.py changed, reloading.
INFO 2024-07-05 18:11:43,236 autoreload Watching for file changes with StatReloader
INFO 2024-07-05 18:12:06,824 autoreload D:\Projects\tail_watch_backend\tags\mixins.py changed, reloading.
INFO 2024-07-05 18:12:07,679 autoreload Watching for file changes with StatReloader
INFO 2024-07-05 18:12:32,316 autoreload D:\Projects\tail_watch_backend\tags\mixins.py changed, reloading.
INFO 2024-07-05 18:12:33,172 autoreload Watching for file changes with StatReloader
INFO 2024-07-05 18:12:34,701 autoreload D:\Projects\tail_watch_backend\tags\mixins.py changed, reloading.
INFO 2024-07-05 18:12:35,579 autoreload Watching for file changes with StatReloader
INFO 2024-07-05 18:12:48,650 autoreload D:\Projects\tail_watch_backend\tags\mixins.py changed, reloading.
INFO 2024-07-05 18:12:49,514 autoreload Watching for file changes with StatReloader
INFO 2024-07-05 18:13:05,507 autoreload D:\Projects\tail_watch_backend\tags\views.py changed, reloading.
INFO 2024-07-05 18:13:06,363 autoreload Watching for file changes with StatReloader
INFO 2024-07-05 18:13:08,878 autoreload D:\Projects\tail_watch_backend\tags\views.py changed, reloading.
INFO 2024-07-05 18:13:09,741 autoreload Watching for file changes with StatReloader
INFO 2024-07-05 18:13:13,293 autoreload D:\Projects\tail_watch_backend\tags\views.py changed, reloading.
INFO 2024-07-05 18:13:14,169 autoreload Watching for file changes with StatReloader
INFO 2024-07-05 18:13:21,904 autoreload D:\Projects\tail_watch_backend\tags\views.py changed, reloading.
INFO 2024-07-05 18:13:22,777 autoreload Watching for file changes with StatReloader
INFO 2024-07-05 18:13:27,394 autoreload D:\Projects\tail_watch_backend\tags\views.py changed, reloading.
INFO 2024-07-05 18:13:28,247 autoreload Watching for file changes with StatReloader
INFO 2024-07-05 18:13:50,685 autoreload D:\Projects\tail_watch_backend\tags\views.py changed, reloading.
INFO 2024-07-05 18:13:51,543 autoreload Watching for file changes with StatReloader
INFO 2024-07-05 18:14:04,364 autoreload D:\Projects\tail_watch_backend\tags\views.py changed, reloading.
INFO 2024-07-05 18:14:05,228 autoreload Watching for file changes with StatReloader
INFO 2024-07-05 18:14:08,796 autoreload D:\Projects\tail_watch_backend\tags\views.py changed, reloading.
INFO 2024-07-05 18:14:09,636 autoreload Watching for file changes with StatReloader
INFO 2024-07-05 18:14:10,916 autoreload D:\Projects\tail_watch_backend\tags\views.py changed, reloading.
INFO 2024-07-05 18:14:11,755 autoreload Watching for file changes with StatReloader
INFO 2024-07-05 18:14:24,756 autoreload D:\Projects\tail_watch_backend\tags\mixins.py changed, reloading.
INFO 2024-07-05 18:14:25,612 autoreload Watching for file changes with StatReloader
INFO 2024-07-05 18:14:29,239 autoreload D:\Projects\tail_watch_backend\tags\mixins.py changed, reloading.
INFO 2024-07-05 18:14:30,109 autoreload Watching for file changes with StatReloader
INFO 2024-07-05 18:14:35,849 autoreload D:\Projects\tail_watch_backend\tags\mixins.py changed, reloading.
INFO 2024-07-05 18:14:36,706 autoreload Watching for file changes with StatReloader
INFO 2024-07-05 18:14:45,582 autoreload D:\Projects\tail_watch_backend\tags\mixins.py changed, reloading.
INFO 2024-07-05 18:14:46,439 autoreload Watching for file changes with StatReloader
INFO 2024-07-05 18:15:19,528 autoreload D:\Projects\tail_watch_backend\tags\serializers.py changed, reloading.
INFO 2024-07-05 18:15:20,402 autoreload Watching for file changes with StatReloader
INFO 2024-07-05 18:15:26,964 autoreload D:\Projects\tail_watch_backend\admin_api\serializers.py changed, reloading.
INFO 2024-07-05 18:15:27,825 autoreload Watching for file changes with StatReloader
INFO 2024-07-05 18:15:29,113 autoreload D:\Projects\tail_watch_backend\admin_api\serializers.py changed, reloading.
INFO 2024-07-05 18:15:29,962 autoreload Watching for file changes with StatReloader
INFO 2024-07-05 18:15:35,631 autoreload D:\Projects\tail_watch_backend\admin_api\serializers.py changed, reloading.
INFO 2024-07-05 18:15:36,489 autoreload Watching for file changes with StatReloader
INFO 2024-07-05 18:15:43,037 autoreload D:\Projects\tail_watch_backend\admin_api\serializers.py changed, reloading.
INFO 2024-07-05 18:15:43,925 autoreload Watching for file changes with StatReloader
INFO 2024-07-05 18:16:18,794 autoreload D:\Projects\tail_watch_backend\tags\mixins.py changed, reloading.
INFO 2024-07-05 18:16:19,661 autoreload Watching for file changes with StatReloader
INFO 2024-07-05 18:16:26,443 autoreload D:\Projects\tail_watch_backend\tags\mixins.py changed, reloading.
INFO 2024-07-05 18:16:27,325 autoreload Watching for file changes with StatReloader
INFO 2024-07-05 18:16:30,916 autoreload D:\Projects\tail_watch_backend\tags\mixins.py changed, reloading.
INFO 2024-07-05 18:16:31,805 autoreload Watching for file changes with StatReloader
INFO 2024-07-05 18:16:35,360 autoreload D:\Projects\tail_watch_backend\tags\mixins.py changed, reloading.
INFO 2024-07-05 18:16:36,230 autoreload Watching for file changes with StatReloader
INFO 2024-07-05 18:16:43,986 autoreload D:\Projects\tail_watch_backend\admin_api\serializers.py changed, reloading.
INFO 2024-07-05 18:16:44,854 autoreload Watching for file changes with StatReloader
INFO 2024-07-05 18:17:51,885 basehttp "GET /admin HTTP/1.1" 301 0
INFO 2024-07-05 18:17:52,204 basehttp "GET /admin/ HTTP/1.1" 302 0
INFO 2024-07-05 18:17:52,413 basehttp "GET /admin/login/?next=/admin/ HTTP/1.1" 200 4181
INFO 2024-07-05 18:17:52,574 basehttp "GET /static/admin/css/dark_mode.css HTTP/1.1" 200 2929
INFO 2024-07-05 18:17:52,583 basehttp "GET /static/admin/css/base.css HTTP/1.1" 200 21310
INFO 2024-07-05 18:17:52,601 basehttp "GET /static/admin/css/login.css HTTP/1.1" 200 958
INFO 2024-07-05 18:17:52,602 basehttp "GET /static/admin/css/nav_sidebar.css HTTP/1.1" 200 2694
INFO 2024-07-05 18:17:52,607 basehttp "GET /static/admin/css/responsive.css HTTP/1.1" 200 18559
INFO 2024-07-05 18:17:52,612 basehttp "GET /static/admin/js/theme.js HTTP/1.1" 200 1943
INFO 2024-07-05 18:17:52,624 basehttp "GET /static/admin/js/nav_sidebar.js HTTP/1.1" 200 3063
WARNING 2024-07-05 18:17:52,658 log Not Found: /favicon.ico
WARNING 2024-07-05 18:17:52,658 basehttp "GET /favicon.ico HTTP/1.1" 404 2442
INFO 2024-07-05 18:17:56,042 basehttp "POST /admin/login/?next=/admin/ HTTP/1.1" 302 0
INFO 2024-07-05 18:17:56,090 basehttp "GET /admin/ HTTP/1.1" 200 7112
INFO 2024-07-05 18:17:56,114 basehttp "GET /static/admin/css/dashboard.css HTTP/1.1" 200 441
INFO 2024-07-05 18:17:56,125 basehttp "GET /static/admin/img/icon-changelink.svg HTTP/1.1" 200 380
INFO 2024-07-05 18:17:56,126 basehttp "GET /static/admin/img/icon-addlink.svg HTTP/1.1" 200 331
INFO 2024-07-05 18:17:59,035 basehttp "GET /admin/tags/tag/ HTTP/1.1" 200 10062
INFO 2024-07-05 18:17:59,062 basehttp "GET /static/admin/css/changelists.css HTTP/1.1" 200 6566
INFO 2024-07-05 18:17:59,071 basehttp "GET /static/admin/js/jquery.init.js HTTP/1.1" 200 347
INFO 2024-07-05 18:17:59,076 basehttp "GET /static/admin/js/core.js HTTP/1.1" 200 5682
INFO 2024-07-05 18:17:59,077 basehttp "GET /static/admin/js/actions.js HTTP/1.1" 200 7872
INFO 2024-07-05 18:17:59,084 basehttp "GET /static/admin/js/urlify.js HTTP/1.1" 200 7887
INFO 2024-07-05 18:17:59,098 basehttp "GET /static/admin/js/prepopulate.js HTTP/1.1" 200 1531
INFO 2024-07-05 18:17:59,105 basehttp "GET /admin/jsi18n/ HTTP/1.1" 200 3343
INFO 2024-07-05 18:17:59,108 basehttp "GET /static/admin/js/admin/RelatedObjectLookups.js HTTP/1.1" 200 8943
INFO 2024-07-05 18:17:59,140 basehttp "GET /static/admin/js/vendor/jquery/jquery.js HTTP/1.1" 200 292458
INFO 2024-07-05 18:17:59,151 basehttp "GET /static/admin/js/vendor/xregexp/xregexp.js HTTP/1.1" 200 232381
INFO 2024-07-05 18:17:59,156 basehttp "GET /static/admin/js/filters.js HTTP/1.1" 200 978
INFO 2024-07-05 18:17:59,171 basehttp "GET /static/admin/img/tooltag-add.svg HTTP/1.1" 200 331
INFO 2024-07-05 18:18:01,854 basehttp "GET /admin/users/customuser/ HTTP/1.1" 200 9707
INFO 2024-07-05 18:18:01,873 basehttp "GET /admin/jsi18n/ HTTP/1.1" 200 3343
INFO 2024-07-05 18:18:08,321 basehttp "POST /admin/users/customuser/ HTTP/1.1" 302 0
INFO 2024-07-05 18:18:08,332 basehttp "GET /admin/users/customuser/ HTTP/1.1" 200 9900
INFO 2024-07-05 18:18:08,351 basehttp "GET /admin/jsi18n/ HTTP/1.1" 200 3343
INFO 2024-07-05 18:18:08,375 basehttp "GET /static/admin/img/icon-alert.svg HTTP/1.1" 200 504
WARNING 2024-07-05 18:18:27,983 log Not Found: /
WARNING 2024-07-05 18:18:27,984 basehttp "GET / HTTP/1.1" 404 2391
WARNING 2024-07-05 18:18:44,410 log Not Found: /api/admin
WARNING 2024-07-05 18:18:44,411 basehttp "GET /api/admin HTTP/1.1" 404 2436
INFO 2024-07-05 18:18:52,598 basehttp "GET /api/admin/users HTTP/1.1" 301 0
INFO 2024-07-05 18:18:52,637 mixins User: admin | Method: GET | Path: /api/admin/users/ | Status: 200 | IP: 127.0.0.1
INFO 2024-07-05 18:18:52,710 basehttp "GET /api/admin/users/ HTTP/1.1" 200 10916
INFO 2024-07-05 18:18:52,744 basehttp "GET /static/rest_framework/css/bootstrap.min.css HTTP/1.1" 200 121457
INFO 2024-07-05 18:18:52,753 basehttp "GET /static/rest_framework/css/prettify.css HTTP/1.1" 200 817
INFO 2024-07-05 18:18:52,754 basehttp "GET /static/rest_framework/css/default.css HTTP/1.1" 200 1152
INFO 2024-07-05 18:18:52,755 basehttp "GET /static/rest_framework/css/bootstrap-tweaks.css HTTP/1.1" 200 3426
INFO 2024-07-05 18:18:52,763 basehttp "GET /static/rest_framework/js/ajax-form.js HTTP/1.1" 200 3796
INFO 2024-07-05 18:18:52,766 basehttp "GET /static/rest_framework/js/csrf.js HTTP/1.1" 200 1793
INFO 2024-07-05 18:18:52,773 basehttp "GET /static/rest_framework/js/load-ajax-form.js HTTP/1.1" 200 59
INFO 2024-07-05 18:18:52,775 basehttp "GET /static/rest_framework/js/default.js HTTP/1.1" 200 1268
INFO 2024-07-05 18:18:52,786 basehttp "GET /static/rest_framework/js/prettify-min.js HTTP/1.1" 200 13632
INFO 2024-07-05 18:18:52,799 basehttp "GET /static/rest_framework/js/jquery-3.7.1.min.js HTTP/1.1" 200 87533
INFO 2024-07-05 18:18:52,801 basehttp "GET /static/rest_framework/js/bootstrap.min.js HTTP/1.1" 200 39680
INFO 2024-07-05 18:18:52,801 basehttp "GET /static/rest_framework/img/grid.png HTTP/1.1" 200 1458
INFO 2024-07-05 18:19:15,011 mixins User: admin | Method: GET | Path: /api/admin/users/ | Status: 200 | IP: 127.0.0.1
INFO 2024-07-05 18:19:15,016 basehttp "GET /api/admin/users/?search=test HTTP/1.1" 200 11008
INFO 2024-07-05 18:19:28,107 mixins User: admin | Method: GET | Path: /api/admin/users/ | Status: 200 | IP: 127.0.0.1
INFO 2024-07-05 18:19:28,113 basehttp "GET /api/admin/users/?search=test HTTP/1.1" 200 11008
INFO 2024-07-05 18:19:57,209 autoreload D:\Projects\tail_watch_backend\admin_api\urls.py changed, reloading.
INFO 2024-07-05 18:19:58,096 autoreload Watching for file changes with StatReloader
INFO 2024-07-05 18:20:11,710 mixins User: admin | Method: GET | Path: /api/admin/users/ | Status: 200 | IP: 127.0.0.1
INFO 2024-07-05 18:20:11,732 basehttp "GET /api/admin/users/?search=test HTTP/1.1" 200 11008
INFO 2024-07-05 18:20:19,587 mixins User: admin | Method: GET | Path: /api/admin/users/ | Status: 200 | IP: 127.0.0.1
INFO 2024-07-05 18:20:19,593 basehttp "GET /api/admin/users/?search=test_user_1 HTTP/1.1" 200 11057
INFO 2024-07-05 18:20:28,170 mixins User: admin | Method: GET | Path: /api/admin/users/ | Status: 200 | IP: 127.0.0.1
INFO 2024-07-05 18:20:28,176 basehttp "GET /api/admin/users/?username=test_user_1 HTTP/1.1" 200 11071
INFO 2024-07-05 18:20:45,129 autoreload D:\Projects\tail_watch_backend\admin_api\urls.py changed, reloading.
INFO 2024-07-05 18:20:46,012 autoreload Watching for file changes with StatReloader
INFO 2024-07-05 18:20:53,514 mixins User: admin | Method: GET | Path: /api/admin/users/list/ | Status: 200 | IP: 127.0.0.1
INFO 2024-07-05 18:20:53,555 basehttp "GET /api/admin/users/list/?username=test_user_1 HTTP/1.1" 200 7821
INFO 2024-07-05 18:20:53,657 basehttp "GET /static/rest_framework/fonts/glyphicons-halflings-regular.woff2 HTTP/1.1" 200 18028
INFO 2024-07-05 18:21:03,174 mixins User: admin | Method: GET | Path: /api/admin/users/list/ | Status: 200 | IP: 127.0.0.1
INFO 2024-07-05 18:21:03,178 basehttp "GET /api/admin/users/list/?search=test_user_1 HTTP/1.1" 200 7802
INFO 2024-07-05 18:21:09,061 mixins User: admin | Method: GET | Path: /api/admin/users/list/ | Status: 200 | IP: 127.0.0.1
INFO 2024-07-05 18:21:09,064 basehttp "GET /api/admin/users/list/?search=test_user_2 HTTP/1.1" 200 7291
INFO 2024-07-05 18:24:03,507 mixins User: testuser | Method: POST | Path: /api/tags/ | Status: 201 | IP: 127.0.0.1
INFO 2024-07-05 18:24:03,956 mixins User: testuser | Method: DELETE | Path: /api/tags/cff02a74-195c-4c84-98a2-a4b1dbf352fe/delete/ | Status: 204 | IP: 127.0.0.1
INFO 2024-07-05 18:24:04,408 mixins User: testuser | Method: GET | Path: /api/tags/922e81b6-8ab9-4563-aa7e-2be2e1d2f2bc/ | Status: 200 | IP: 127.0.0.1
INFO 2024-07-05 18:24:04,883 mixins User: testuser | Method: GET | Path: /api/tags/ | Status: 200 | IP: 127.0.0.1
INFO 2024-07-05 18:24:05,356 mixins User: testuser | Method: PUT | Path: /api/tags/20e4370b-7195-4468-bb9f-b0399dfb6b8d/update/ | Status: 200 | IP: 127.0.0.1
INFO 2024-07-05 18:24:07,532 mixins User: Anonymous | Method: POST | Path: /api/auth/login/ | Status: 200 | IP: 127.0.0.1
INFO 2024-07-05 18:24:08,387 mixins User: Anonymous | Method: POST | Path: /api/auth/login/ | Status: 401 | IP: 127.0.0.1
WARNING 2024-07-05 18:24:08,387 log Unauthorized: /api/auth/login/
INFO 2024-07-05 18:24:08,817 mixins User: Anonymous | Method: POST | Path: /api/auth/login/ | Status: 400 | IP: 127.0.0.1
WARNING 2024-07-05 18:24:08,818 log Bad Request: /api/auth/login/
INFO 2024-07-05 18:24:09,251 mixins User: Anonymous | Method: POST | Path: /api/auth/signup/ | Status: 201 | IP: 127.0.0.1
INFO 2024-07-05 18:24:09,257 mixins User: Anonymous | Method: POST | Path: /api/auth/signup/ | Status: 400 | IP: 127.0.0.1
WARNING 2024-07-05 18:24:09,257 log Bad Request: /api/auth/signup/
INFO 2024-07-05 18:24:09,261 mixins User: Anonymous | Method: POST | Path: /api/auth/signup/ | Status: 400 | IP: 127.0.0.1
WARNING 2024-07-05 18:24:09,262 log Bad Request: /api/auth/signup/
INFO 2024-07-05 18:24:10,119 mixins User: testuser | Method: PATCH | Path: /api/auth/update/ | Status: 200 | IP: 127.0.0.1
INFO 2024-07-05 18:24:10,974 mixins User: testuser | Method: PATCH | Path: /api/auth/update/ | Status: 400 | IP: 127.0.0.1
WARNING 2024-07-05 18:24:10,975 log Bad Request: /api/auth/update/
INFO 2024-07-05 18:24:11,825 mixins User: admin | Method: PATCH | Path: /api/auth/update/ | Status: 200 | IP: 127.0.0.1
